Log file open, 03/03/20 15:44:23
LogWindows: Failed to load 'aqProf.dll' (GetLastError=126)
LogWindows: File 'aqProf.dll' does not exist
LogWindows: Failed to load 'VtuneApi.dll' (GetLastError=126)
LogWindows: File 'VtuneApi.dll' does not exist
LogWindows: Failed to load 'VtuneApi32e.dll' (GetLastError=126)
LogWindows: File 'VtuneApi32e.dll' does not exist
LogConsoleResponse: Display: Failed to find resolution value strings in scalability ini. Falling back to default.
LogInit: Display: Running engine for game: Alien_Swarm
LogPlatformFile: Not using cached read wrapper
LogTaskGraph: Started task graph with 5 named threads and 23 total threads with 3 sets of task threads.
LogStats: Stats thread started at 0.091599
LogD3D11RHI: Loaded GFSDK_Aftermath_Lib.x64.dll
LogICUInternationalization: ICU TimeZone Detection - Raw Offset: -5:00, Platform Override: ''
LogPluginManager: Mounting plugin Paper2D
LogPluginManager: Mounting plugin AISupport
LogPluginManager: Mounting plugin LightPropagationVolume
LogPluginManager: Mounting plugin ActorLayerUtilities
LogPluginManager: Mounting plugin AnimationSharing
LogPluginManager: Mounting plugin CLionSourceCodeAccess
LogPluginManager: Mounting plugin CodeLiteSourceCodeAccess
LogPluginManager: Mounting plugin GitSourceControl
LogPluginManager: Mounting plugin KDevelopSourceCodeAccess
LogPluginManager: Mounting plugin NullSourceCodeAccess
LogPluginManager: Mounting plugin PerforceSourceControl
LogPluginManager: Mounting plugin PlasticSourceControl
LogPluginManager: Mounting plugin SubversionSourceControl
LogPluginManager: Mounting plugin UObjectPlugin
LogPluginManager: Mounting plugin VisualStudioCodeSourceCodeAccess
LogPluginManager: Mounting plugin VisualStudioSourceCodeAccess
LogPluginManager: Mounting plugin XCodeSourceCodeAccess
LogPluginManager: Mounting plugin AssetManagerEditor
LogPluginManager: Mounting plugin CryptoKeys
LogPluginManager: Mounting plugin CurveEditorTools
LogPluginManager: Mounting plugin DataValidation
LogPluginManager: Mounting plugin FacialAnimation
LogPluginManager: Mounting plugin GameplayTagsEditor
LogPluginManager: Mounting plugin MacGraphicsSwitching
LogPluginManager: Mounting plugin MaterialAnalyzer
LogPluginManager: Mounting plugin MobileLauncherProfileWizard
LogPluginManager: Mounting plugin PluginBrowser
LogPluginManager: Mounting plugin SpeedTreeImporter
LogPluginManager: Mounting plugin DatasmithContent
LogPluginManager: Mounting plugin VariantManagerContent
LogPluginManager: Mounting plugin AlembicImporter
LogPluginManager: Mounting plugin AutomationUtils
LogPluginManager: Mounting plugin BackChannel
LogPluginManager: Mounting plugin CharacterAI
LogPluginManager: Mounting plugin GeometryCache
LogPluginManager: Mounting plugin PlatformCrypto
LogPluginManager: Mounting plugin ProxyLODPlugin
LogPluginManager: Mounting plugin SkeletalReduction
LogPluginManager: Mounting plugin MagicLeap
LogPluginManager: Mounting plugin MagicLeapMedia
LogPluginManager: Mounting plugin MLSDK
LogPluginManager: Mounting plugin AndroidMedia
LogPluginManager: Mounting plugin AvfMedia
LogPluginManager: Mounting plugin ImgMedia
LogPluginManager: Mounting plugin MediaCompositing
LogPluginManager: Mounting plugin MediaPlayerEditor
LogPluginManager: Mounting plugin WebMMedia
LogPluginManager: Mounting plugin WmfMedia
LogPluginManager: Mounting plugin TcpMessaging
LogPluginManager: Mounting plugin UdpMessaging
LogPluginManager: Mounting plugin ActorSequence
LogPluginManager: Mounting plugin LevelSequenceEditor
LogPluginManager: Mounting plugin MatineeToLevelSequence
LogPluginManager: Mounting plugin NetcodeUnitTest
LogPluginManager: Mounting plugin NUTUnrealEngine4
LogPluginManager: Mounting plugin OnlineSubsystemGooglePlay
LogPluginManager: Mounting plugin OnlineSubsystemIOS
LogPluginManager: Mounting plugin OnlineSubsystem
LogPluginManager: Mounting plugin OnlineSubsystemNull
LogPluginManager: Mounting plugin OnlineSubsystemUtils
LogPluginManager: Mounting plugin LauncherChunkInstaller
LogPluginManager: Mounting plugin AndroidDeviceProfileSelector
LogPluginManager: Mounting plugin AndroidMoviePlayer
LogPluginManager: Mounting plugin AndroidPermission
LogPluginManager: Mounting plugin AppleImageUtils
LogPluginManager: Mounting plugin AppleMoviePlayer
LogPluginManager: Mounting plugin ArchVisCharacter
LogPluginManager: Mounting plugin AssetTags
LogPluginManager: Mounting plugin AudioCapture
LogPluginManager: Mounting plugin CableComponent
LogPluginManager: Mounting plugin CustomMeshComponent
LogPluginManager: Mounting plugin EditableMesh
LogPluginManager: Mounting plugin ExampleDeviceProfileSelector
LogPluginManager: Mounting plugin GoogleCloudMessaging
LogPluginManager: Mounting plugin IOSDeviceProfileSelector
LogPluginManager: Mounting plugin LinuxDeviceProfileSelector
LogPluginManager: Mounting plugin LocationServicesBPLibrary
LogPluginManager: Mounting plugin MobilePatchingUtils
LogPluginManager: Mounting plugin OculusVR
LogPluginManager: Mounting plugin PhysXVehicles
LogPluginManager: Mounting plugin PostSplashScreen
LogPluginManager: Mounting plugin ProceduralMeshComponent
LogPluginManager: Mounting plugin RuntimePhysXCooking
LogPluginManager: Mounting plugin SignificanceManager
LogPluginManager: Mounting plugin SteamVR
LogPluginManager: Mounting plugin WebMMoviePlayer
LogPluginManager: Mounting plugin WindowsMoviePlayer
LogPluginManager: Mounting plugin ScreenshotTools
Launching UnrealBuildTool... [C:/Program Files/Epic Games/UE_4.24/Engine/Binaries/DotNET/UnrealBuildTool.exe -Mode=QueryTargets -Project="C:/Users/seans/OneDrive/Documents/GitHub/FPS_Alien/Alien_Swarm/Alien_Swarm.uproject" -Output="C:/Users/seans/OneDrive/Documents/GitHub/FPS_Alien/Alien_Swarm/Intermediate/TargetInfo.json"]
LogInit: Warning: Incompatible or missing module: Alien_Swarm
Running C:/Program Files/Epic Games/UE_4.24/Engine/Binaries/DotNET/UnrealBuildTool.exe Development Win64 -Project="C:/Users/seans/OneDrive/Documents/GitHub/FPS_Alien/Alien_Swarm/Alien_Swarm.uproject" -TargetType=Editor -Progress -NoHotReloadFromIDE
Using 'git status' to determine working set for adaptive non-unity build (C:\Users\seans\OneDrive\Documents\GitHub\FPS_Alien).
Creating makefile for Alien_SwarmEditor (game project files are newer)
@progress push 5%
Parsing headers for Alien_SwarmEditor
  Running UnrealHeaderTool "C:\Users\seans\OneDrive\Documents\GitHub\FPS_Alien\Alien_Swarm\Alien_Swarm.uproject" "C:\Users\seans\OneDrive\Documents\GitHub\FPS_Alien\Alien_Swarm\Intermediate\Build\Win64\Alien_SwarmEditor\Development\Alien_SwarmEditor.uhtmanifest" -LogCmds="loginit warning, logexit warning, logdatabase error" -Unattended -WarningsAsErrors -installed
Reflection code generated for Alien_SwarmEditor in 20.8046071 seconds
@progress pop
Building Alien_SwarmEditor...
Using Visual Studio 2017 14.16.27031 toolchain (C:\Program Files (x86)\Microsoft Visual Studio\2017\Community\VC\Tools\MSVC\14.16.27023) and Windows 10.0.16299.0 SDK (C:\Program Files (x86)\Windows Kits\10).
Building 14 actions with 8 processes...
  @progress 'Compiling C++ source code...' 0%
  @progress 'Compiling C++ source code...' 7%
  [1/14] SharedPCH.Engine.ShadowErrors.cpp
  @progress 'Compiling C++ source code...' 14%
  [2/14] Alien_Swarm.init.gen.cpp
  @progress 'Compiling C++ source code...' 21%
  [3/14] Alien_SwarmProjectile.cpp
  @progress 'Compiling C++ source code...' 29%
  [4/14] Alien_SwarmHUD.gen.cpp
  @progress 'Compiling C++ source code...' 36%
  [5/14] Alien_SwarmGameMode.gen.cpp
  @progress 'Compiling C++ source code...' 43%
  [6/14] Alien_SwarmHUD.cpp
  @progress 'Compiling C++ source code...' 50%
  [7/14] Alien_SwarmCharacter.gen.cpp
  @progress 'Compiling C++ source code...' 57%
  [8/14] Alien_SwarmGameMode.cpp
  @progress 'Compiling C++ source code...' 64%
  [9/14] Alien_Swarm.cpp
  @progress 'Compiling C++ source code...' 71%
  [10/14] Alien_SwarmProjectile.gen.cpp
  @progress 'Compiling C++ source code...' 79%
  [11/14] Alien_SwarmCharacter.cpp
  @progress 'Compiling C++ source code...' 86%
  [12/14] UE4Editor-Alien_Swarm.lib
     Creating library C:\Users\seans\OneDrive\Documents\GitHub\FPS_Alien\Alien_Swarm\Intermediate\Build\Win64\UE4Editor\Development\Alien_Swarm\UE4Editor-Alien_Swarm.lib and object C:\Users\seans\OneDrive\Documents\GitHub\FPS_Alien\Alien_Swarm\Intermediate\Build\Win64\UE4Editor\Development\Alien_Swarm\UE4Editor-Alien_Swarm.exp
  @progress 'Compiling C++ source code...' 93%
  [13/14] UE4Editor-Alien_Swarm.dll
     Creating library C:\Users\seans\OneDrive\Documents\GitHub\FPS_Alien\Alien_Swarm\Intermediate\Build\Win64\UE4Editor\Development\Alien_Swarm\UE4Editor-Alien_Swarm.suppressed.lib and object C:\Users\seans\OneDrive\Documents\GitHub\FPS_Alien\Alien_Swarm\Intermediate\Build\Win64\UE4Editor\Development\Alien_Swarm\UE4Editor-Alien_Swarm.suppressed.exp
  @progress 'Compiling C++ source code...' 100%
  [14/14] Alien_SwarmEditor.target
Total time in Parallel executor: 25.33 seconds
Total execution time: 48.11 seconds
LogInit: Using libcurl 7.55.1-DEV
LogInit:  - built for x86_64-pc-win32
LogInit:  - supports SSL with OpenSSL/1.1.1
LogInit:  - supports HTTP deflate (compression) using libz 1.2.8
LogInit:  - other features:
LogInit:      CURL_VERSION_SSL
LogInit:      CURL_VERSION_LIBZ
LogInit:      CURL_VERSION_IPV6
LogInit:      CURL_VERSION_ASYNCHDNS
LogInit:      CURL_VERSION_LARGEFILE
LogInit:      CURL_VERSION_IDN
LogInit:  CurlRequestOptions (configurable via config and command line):
LogInit:  - bVerifyPeer = true  - Libcurl will verify peer certificate
LogInit:  - bUseHttpProxy = false  - Libcurl will NOT use HTTP proxy
LogInit:  - bDontReuseConnections = false  - Libcurl will reuse connections
LogInit:  - MaxHostConnections = 16  - Libcurl will limit the number of connections to a host
LogInit:  - LocalHostAddr = Default
LogInit:  - BufferSize = 65536
LogOnline: OSS: Creating online subsystem instance for: NULL
LogInit: WinSock: version 1.1 (2.2), MaxSocks=32767, MaxUdp=65467
LogOnline: OSS: TryLoadSubsystemAndSetDefault: Loaded subsystem for module [NULL]
LogInit: Build: ++UE4+Release-4.24-CL-11590370
LogInit: Engine Version: 4.24.3-11590370+++UE4+Release-4.24
LogInit: Compatible Engine Version: 4.24.0-10570792+++UE4+Release-4.24
LogInit: Net CL: 10570792
LogInit: OS: Windows 10 (Release 1809) (), CPU: Intel(R) Core(TM) i7-7700HQ CPU @ 2.80GHz, GPU: Intel(R) HD Graphics 630
LogInit: Compiled (64-bit): Feb 24 2020 15:39:18
LogInit: Compiled with Visual C++: 19.16.27032.01
LogInit: Build Configuration: Development
LogInit: Branch Name: ++UE4+Release-4.24
LogInit: Command Line:  -EpicPortal -epicusername=Dr.Oum -epicuserid=7614e87c48a846b289a1825706eaffd3 -epiclocale=en
LogInit: Base Directory: C:/Program Files/Epic Games/UE_4.24/Engine/Binaries/Win64/
LogInit: Installed Engine Build: 1
LogDevObjectVersion: Number of dev versions registered: 25
LogDevObjectVersion:   Dev-Blueprints (B0D832E4-1F89-4F0D-ACCF-7EB736FD4AA2): 10
LogDevObjectVersion:   Dev-Build (E1C64328-A22C-4D53-A36C-8E866417BD8C): 0
LogDevObjectVersion:   Dev-Core (375EC13C-06E4-48FB-B500-84F0262A717E): 3
LogDevObjectVersion:   Dev-Editor (E4B068ED-F494-42E9-A231-DA0B2E46BB41): 37
LogDevObjectVersion:   Dev-Framework (CFFC743F-43B0-4480-9391-14DF171D2073): 36
LogDevObjectVersion:   Dev-Mobile (B02B49B5-BB20-44E9-A304-32B752E40360): 2
LogDevObjectVersion:   Dev-Networking (A4E4105C-59A1-49B5-A7C5-40C4547EDFEE): 0
LogDevObjectVersion:   Dev-Online (39C831C9-5AE6-47DC-9A44-9C173E1C8E7C): 0
LogDevObjectVersion:   Dev-Physics (78F01B33-EBEA-4F98-B9B4-84EACCB95AA2): 2
LogDevObjectVersion:   Dev-Platform (6631380F-2D4D-43E0-8009-CF276956A95A): 0
LogDevObjectVersion:   Dev-Rendering (12F88B9F-8875-4AFC-A67C-D90C383ABD29): 36
LogDevObjectVersion:   Dev-Sequencer (7B5AE74C-D270-4C10-A958-57980B212A5A): 11
LogDevObjectVersion:   Dev-VR (D7296918-1DD6-4BDD-9DE2-64A83CC13884): 2
LogDevObjectVersion:   Dev-LoadTimes (C2A15278-BFE7-4AFE-6C17-90FF531DF755): 1
LogDevObjectVersion:   Private-Geometry (6EACA3D4-40EC-4CC1-B786-8BED09428FC5): 3
LogDevObjectVersion:   Dev-AnimPhys (29E575DD-E0A3-4627-9D10-D276232CDCEA): 17
LogDevObjectVersion:   Dev-Anim (AF43A65D-7FD3-4947-9873-3E8ED9C1BB05): 2
LogDevObjectVersion:   Dev-ReflectionCapture (6B266CEC-1EC7-4B8F-A30B-E4D90942FC07): 1
LogDevObjectVersion:   Dev-Automation (0DF73D61-A23F-47EA-B727-89E90C41499A): 1
LogDevObjectVersion:   FortniteMain (601D1886-AC64-4F84-AA16-D3DE0DEAC7D6): 31
LogDevObjectVersion:   Dev-Enterprise (9DFFBCD6-494F-0158-E221-12823C92A888): 8
LogDevObjectVersion:   Dev-Niagara (F2AED0AC-9AFE-416F-8664-AA7FFA26D6FC): 1
LogDevObjectVersion:   Dev-Destruction (174F1F0B-B4C6-45A5-B13F-2EE8D0FB917D): 9
LogDevObjectVersion:   Dev-Physics-Ext (35F94A83-E258-406C-A318-09F59610247C): 8
LogDevObjectVersion:   Dev-CineCamera (B2E18506-4273-CFC2-A54E-F4BB758BBA07): 1
LogInit: Presizing for max 25165824 objects, including 0 objects not considered by GC, pre-allocating 0 bytes for permanent pool.
LogInit: Object subsystem initialized
LogConfig: Setting CVar [[con.DebugEarlyDefault:1]]
LogConfig: Setting CVar [[r.setres:1280x720]]
[2020.03.03-20.45.39:194][  0]LogConfig: Setting CVar [[r.VSync:0]]
[2020.03.03-20.45.39:194][  0]LogConfig: Setting CVar [[r.RHICmdBypass:0]]
[2020.03.03-20.45.39:194][  0]LogConfig: Applying CVar settings from Section [/Script/Engine.RendererSettings] File [C:/Users/seans/OneDrive/Documents/GitHub/FPS_Alien/Alien_Swarm/Saved/Config/Windows/Engine.ini]
[2020.03.03-20.45.39:194][  0]LogConfig: Setting CVar [[r.GPUCrashDebugging:0]]
[2020.03.03-20.45.39:194][  0]LogConfig: Applying CVar settings from Section [/Script/Engine.RendererOverrideSettings] File [C:/Users/seans/OneDrive/Documents/GitHub/FPS_Alien/Alien_Swarm/Saved/Config/Windows/Engine.ini]
[2020.03.03-20.45.39:194][  0]LogConfig: Applying CVar settings from Section [/Script/Engine.StreamingSettings] File [C:/Users/seans/OneDrive/Documents/GitHub/FPS_Alien/Alien_Swarm/Saved/Config/Windows/Engine.ini]
[2020.03.03-20.45.39:194][  0]LogConfig: Setting CVar [[s.MinBulkDataSizeForAsyncLoading:131072]]
[2020.03.03-20.45.39:194][  0]LogConfig: Setting CVar [[s.AsyncLoadingThreadEnabled:0]]
[2020.03.03-20.45.39:194][  0]LogConfig: Setting CVar [[s.EventDrivenLoaderEnabled:1]]
[2020.03.03-20.45.39:194][  0]LogConfig: Setting CVar [[s.WarnIfTimeLimitExceeded:0]]
[2020.03.03-20.45.39:194][  0]LogConfig: Setting CVar [[s.TimeLimitExceededMultiplier:1.5]]
[2020.03.03-20.45.39:194][  0]LogConfig: Setting CVar [[s.TimeLimitExceededMinTime:0.005]]
[2020.03.03-20.45.39:194][  0]LogConfig: Setting CVar [[s.UseBackgroundLevelStreaming:1]]
[2020.03.03-20.45.39:194][  0]LogConfig: Setting CVar [[s.PriorityAsyncLoadingExtraTime:15.0]]
[2020.03.03-20.45.39:194][  0]LogConfig: Setting CVar [[s.LevelStreamingActorsUpdateTimeLimit:5.0]]
[2020.03.03-20.45.39:194][  0]LogConfig: Setting CVar [[s.PriorityLevelStreamingActorsUpdateExtraTime:5.0]]
[2020.03.03-20.45.39:194][  0]LogConfig: Setting CVar [[s.LevelStreamingComponentsRegistrationGranularity:10]]
[2020.03.03-20.45.39:194][  0]LogConfig: Setting CVar [[s.UnregisterComponentsTimeLimit:1.0]]
[2020.03.03-20.45.39:194][  0]LogConfig: Setting CVar [[s.LevelStreamingComponentsUnregistrationGranularity:5]]
[2020.03.03-20.45.39:194][  0]LogConfig: Setting CVar [[s.FlushStreamingOnExit:1]]
[2020.03.03-20.45.39:194][  0]LogConfig: Applying CVar settings from Section [/Script/Engine.GarbageCollectionSettings] File [C:/Users/seans/OneDrive/Documents/GitHub/FPS_Alien/Alien_Swarm/Saved/Config/Windows/Engine.ini]
[2020.03.03-20.45.39:194][  0]LogConfig: Setting CVar [[gc.MaxObjectsNotConsideredByGC:1]]
[2020.03.03-20.45.39:194][  0]LogConfig: Setting CVar [[gc.SizeOfPermanentObjectPool:0]]
[2020.03.03-20.45.39:194][  0]LogConfig: Setting CVar [[gc.FlushStreamingOnGC:0]]
[2020.03.03-20.45.39:194][  0]LogConfig: Setting CVar [[gc.NumRetriesBeforeForcingGC:10]]
[2020.03.03-20.45.39:195][  0]LogConfig: Setting CVar [[gc.AllowParallelGC:1]]
[2020.03.03-20.45.39:195][  0]LogConfig: Setting CVar [[gc.TimeBetweenPurgingPendingKillObjects:61.1]]
[2020.03.03-20.45.39:195][  0]LogConfig: Setting CVar [[gc.MaxObjectsInEditor:25165824]]
[2020.03.03-20.45.39:195][  0]LogConfig: Setting CVar [[gc.IncrementalBeginDestroyEnabled:1]]
[2020.03.03-20.45.39:195][  0]LogConfig: Setting CVar [[gc.CreateGCClusters:1]]
[2020.03.03-20.45.39:195][  0]LogConfig: Setting CVar [[gc.MinGCClusterSize:5]]
[2020.03.03-20.45.39:195][  0]LogConfig: Setting CVar [[gc.ActorClusteringEnabled:0]]
[2020.03.03-20.45.39:195][  0]LogConfig: Setting CVar [[gc.BlueprintClusteringEnabled:0]]
[2020.03.03-20.45.39:195][  0]LogConfig: Setting CVar [[gc.UseDisregardForGCOnDedicatedServers:0]]
[2020.03.03-20.45.39:195][  0]LogConfig: Applying CVar settings from Section [/Script/Engine.NetworkSettings] File [C:/Users/seans/OneDrive/Documents/GitHub/FPS_Alien/Alien_Swarm/Saved/Config/Windows/Engine.ini]
[2020.03.03-20.45.39:195][  0]LogConfig: Applying CVar settings from Section [/Script/UnrealEd.CookerSettings] File [C:/Users/seans/OneDrive/Documents/GitHub/FPS_Alien/Alien_Swarm/Saved/Config/Windows/Engine.ini]
[2020.03.03-20.45.39:197][  0]LogConfig: Applying CVar settings from Section [ViewDistanceQuality@3] File [C:/Users/seans/OneDrive/Documents/GitHub/FPS_Alien/Alien_Swarm/Saved/Config/Windows/Scalability.ini]
[2020.03.03-20.45.39:197][  0]LogConfig: Setting CVar [[r.SkeletalMeshLODBias:0]]
[2020.03.03-20.45.39:197][  0]LogConfig: Setting CVar [[r.ViewDistanceScale:1.0]]
[2020.03.03-20.45.39:197][  0]LogConfig: Applying CVar settings from Section [AntiAliasingQuality@3] File [C:/Users/seans/OneDrive/Documents/GitHub/FPS_Alien/Alien_Swarm/Saved/Config/Windows/Scalability.ini]
[2020.03.03-20.45.39:197][  0]LogConfig: Setting CVar [[r.PostProcessAAQuality:4]]
[2020.03.03-20.45.39:197][  0]LogConfig: Applying CVar settings from Section [ShadowQuality@3] File [C:/Users/seans/OneDrive/Documents/GitHub/FPS_Alien/Alien_Swarm/Saved/Config/Windows/Scalability.ini]
[2020.03.03-20.45.39:197][  0]LogConfig: Setting CVar [[r.LightFunctionQuality:1]]
[2020.03.03-20.45.39:197][  0]LogConfig: Setting CVar [[r.ShadowQuality:5]]
[2020.03.03-20.45.39:197][  0]LogConfig: Setting CVar [[r.Shadow.CSM.MaxCascades:10]]
[2020.03.03-20.45.39:197][  0]LogConfig: Setting CVar [[r.Shadow.MaxResolution:2048]]
[2020.03.03-20.45.39:197][  0]LogConfig: Setting CVar [[r.Shadow.MaxCSMResolution:2048]]
[2020.03.03-20.45.39:197][  0]LogConfig: Setting CVar [[r.Shadow.RadiusThreshold:0.01]]
[2020.03.03-20.45.39:197][  0]LogConfig: Setting CVar [[r.Shadow.DistanceScale:1.0]]
[2020.03.03-20.45.39:197][  0]LogConfig: Setting CVar [[r.Shadow.CSM.TransitionScale:1.0]]
[2020.03.03-20.45.39:197][  0]LogConfig: Setting CVar [[r.Shadow.PreShadowResolutionFactor:1.0]]
[2020.03.03-20.45.39:197][  0]LogConfig: Setting CVar [[r.DistanceFieldShadowing:1]]
[2020.03.03-20.45.39:197][  0]LogConfig: Setting CVar [[r.DistanceFieldAO:1]]
[2020.03.03-20.45.39:197][  0]LogConfig: Setting CVar [[r.AOQuality:2]]
[2020.03.03-20.45.39:197][  0]LogConfig: Setting CVar [[r.VolumetricFog:1]]
[2020.03.03-20.45.39:197][  0]LogConfig: Setting CVar [[r.VolumetricFog.GridPixelSize:8]]
[2020.03.03-20.45.39:197][  0]LogConfig: Setting CVar [[r.VolumetricFog.GridSizeZ:128]]
[2020.03.03-20.45.39:197][  0]LogConfig: Setting CVar [[r.VolumetricFog.HistoryMissSupersampleCount:4]]
[2020.03.03-20.45.39:197][  0]LogConfig: Setting CVar [[r.LightMaxDrawDistanceScale:1]]
[2020.03.03-20.45.39:197][  0]LogConfig: Setting CVar [[r.CapsuleShadows:1]]
[2020.03.03-20.45.39:197][  0]LogConfig: Applying CVar settings from Section [PostProcessQuality@3] File [C:/Users/seans/OneDrive/Documents/GitHub/FPS_Alien/Alien_Swarm/Saved/Config/Windows/Scalability.ini]
[2020.03.03-20.45.39:197][  0]LogConfig: Setting CVar [[r.MotionBlurQuality:4]]
[2020.03.03-20.45.39:197][  0]LogConfig: Setting CVar [[r.AmbientOcclusionMipLevelFactor:0.4]]
[2020.03.03-20.45.39:197][  0]LogConfig: Setting CVar [[r.AmbientOcclusionMaxQuality:100]]
[2020.03.03-20.45.39:197][  0]LogConfig: Setting CVar [[r.AmbientOcclusionLevels:-1]]
[2020.03.03-20.45.39:197][  0]LogConfig: Setting CVar [[r.AmbientOcclusionRadiusScale:1.0]]
[2020.03.03-20.45.39:198][  0]LogConfig: Setting CVar [[r.DepthOfFieldQuality:2]]
[2020.03.03-20.45.39:198][  0]LogConfig: Setting CVar [[r.RenderTargetPoolMin:400]]
[2020.03.03-20.45.39:198][  0]LogConfig: Setting CVar [[r.LensFlareQuality:2]]
[2020.03.03-20.45.39:198][  0]LogConfig: Setting CVar [[r.SceneColorFringeQuality:1]]
[2020.03.03-20.45.39:198][  0]LogConfig: Setting CVar [[r.EyeAdaptationQuality:2]]
[2020.03.03-20.45.39:198][  0]LogConfig: Setting CVar [[r.BloomQuality:5]]
[2020.03.03-20.45.39:198][  0]LogConfig: Setting CVar [[r.FastBlurThreshold:100]]
[2020.03.03-20.45.39:198][  0]LogConfig: Setting CVar [[r.Upscale.Quality:3]]
[2020.03.03-20.45.39:198][  0]LogConfig: Setting CVar [[r.Tonemapper.GrainQuantization:1]]
[2020.03.03-20.45.39:198][  0]LogConfig: Setting CVar [[r.LightShaftQuality:1]]
[2020.03.03-20.45.39:198][  0]LogConfig: Setting CVar [[r.Filter.SizeScale:1]]
[2020.03.03-20.45.39:198][  0]LogConfig: Setting CVar [[r.Tonemapper.Quality:5]]
[2020.03.03-20.45.39:198][  0]LogConfig: Setting CVar [[r.DOF.Gather.AccumulatorQuality:1        ; higher gathering accumulator quality]]
[2020.03.03-20.45.39:198][  0]LogConfig: Setting CVar [[r.DOF.Gather.PostfilterMethod:1          ; Median3x3 postfilering method]]
[2020.03.03-20.45.39:198][  0]LogConfig: Setting CVar [[r.DOF.Gather.EnableBokehSettings:0       ; no bokeh simulation when gathering]]
[2020.03.03-20.45.39:198][  0]LogConfig: Setting CVar [[r.DOF.Gather.RingCount:4                 ; medium number of samples when gathering]]
[2020.03.03-20.45.39:198][  0]LogConfig: Setting CVar [[r.DOF.Scatter.ForegroundCompositing:1    ; additive foreground scattering]]
[2020.03.03-20.45.39:198][  0]LogConfig: Setting CVar [[r.DOF.Scatter.BackgroundCompositing:2    ; additive background scattering]]
[2020.03.03-20.45.39:198][  0]LogConfig: Setting CVar [[r.DOF.Scatter.EnableBokehSettings:1      ; bokeh simulation when scattering]]
[2020.03.03-20.45.39:198][  0]LogConfig: Setting CVar [[r.DOF.Scatter.MaxSpriteRatio:0.1         ; only a maximum of 10% of scattered bokeh]]
[2020.03.03-20.45.39:198][  0]LogConfig: Setting CVar [[r.DOF.Recombine.Quality:1                ; cheap slight out of focus]]
[2020.03.03-20.45.39:198][  0]LogConfig: Setting CVar [[r.DOF.Recombine.EnableBokehSettings:0    ; no bokeh simulation on slight out of focus]]
[2020.03.03-20.45.39:198][  0]LogConfig: Setting CVar [[r.DOF.TemporalAAQuality:1                ; more stable temporal accumulation]]
[2020.03.03-20.45.39:198][  0]LogConfig: Setting CVar [[r.DOF.Kernel.MaxForegroundRadius:0.025]]
[2020.03.03-20.45.39:198][  0]LogConfig: Setting CVar [[r.DOF.Kernel.MaxBackgroundRadius:0.025]]
[2020.03.03-20.45.39:198][  0]LogConfig: Applying CVar settings from Section [TextureQuality@3] File [C:/Users/seans/OneDrive/Documents/GitHub/FPS_Alien/Alien_Swarm/Saved/Config/Windows/Scalability.ini]
[2020.03.03-20.45.39:198][  0]LogConfig: Setting CVar [[r.Streaming.MipBias:0]]
[2020.03.03-20.45.39:198][  0]LogConfig: Setting CVar [[r.Streaming.AmortizeCPUToGPUCopy:0]]
[2020.03.03-20.45.39:198][  0]LogConfig: Setting CVar [[r.Streaming.MaxNumTexturesToStreamPerFrame:0]]
[2020.03.03-20.45.39:198][  0]LogConfig: Setting CVar [[r.Streaming.Boost:1]]
[2020.03.03-20.45.39:198][  0]LogConfig: Setting CVar [[r.MaxAnisotropy:8]]
[2020.03.03-20.45.39:198][  0]LogConfig: Setting CVar [[r.VT.MaxAnisotropy:8]]
[2020.03.03-20.45.39:198][  0]LogConfig: Setting CVar [[r.Streaming.LimitPoolSizeToVRAM:0]]
[2020.03.03-20.45.39:198][  0]LogConfig: Setting CVar [[r.Streaming.PoolSize:1000]]
[2020.03.03-20.45.39:198][  0]LogConfig: Setting CVar [[r.Streaming.MaxEffectiveScreenSize:0]]
[2020.03.03-20.45.39:198][  0]LogConfig: Applying CVar settings from Section [EffectsQuality@3] File [C:/Users/seans/OneDrive/Documents/GitHub/FPS_Alien/Alien_Swarm/Saved/Config/Windows/Scalability.ini]
[2020.03.03-20.45.39:198][  0]LogConfig: Setting CVar [[r.TranslucencyLightingVolumeDim:64]]
[2020.03.03-20.45.39:198][  0]LogConfig: Setting CVar [[r.RefractionQuality:2]]
[2020.03.03-20.45.39:198][  0]LogConfig: Setting CVar [[r.SSR.Quality:3]]
[2020.03.03-20.45.39:198][  0]LogConfig: Setting CVar [[r.SSR.HalfResSceneColor:0]]
[2020.03.03-20.45.39:198][  0]LogConfig: Setting CVar [[r.SceneColorFormat:4]]
[2020.03.03-20.45.39:198][  0]LogConfig: Setting CVar [[r.DetailMode:2]]
[2020.03.03-20.45.39:198][  0]LogConfig: Setting CVar [[r.TranslucencyVolumeBlur:1]]
[2020.03.03-20.45.39:198][  0]LogConfig: Setting CVar [[r.MaterialQualityLevel:1 ; High quality]]
[2020.03.03-20.45.39:198][  0]LogConfig: Setting CVar [[r.SSS.Scale:1]]
[2020.03.03-20.45.39:198][  0]LogConfig: Setting CVar [[r.SSS.SampleSet:2]]
[2020.03.03-20.45.39:198][  0]LogConfig: Setting CVar [[r.SSS.Quality:1]]
[2020.03.03-20.45.39:198][  0]LogConfig: Setting CVar [[r.SSS.HalfRes:1]]
[2020.03.03-20.45.39:198][  0]LogConfig: Setting CVar [[r.SSGI.Quality:3]]
[2020.03.03-20.45.39:198][  0]LogConfig: Setting CVar [[r.EmitterSpawnRateScale:1.0]]
[2020.03.03-20.45.39:198][  0]LogConfig: Setting CVar [[r.ParticleLightQuality:2]]
[2020.03.03-20.45.39:198][  0]LogConfig: Setting CVar [[r.SkyAtmosphere.AerialPerspectiveLUT.FastApplyOnOpaque:1 ; Always have FastSkyLUT 1 in this case to avoid wrong sky]]
[2020.03.03-20.45.39:198][  0]LogConfig: Setting CVar [[r.SkyAtmosphere.AerialPerspectiveLUT.SampleCountPerSlice:1]]
[2020.03.03-20.45.39:198][  0]LogConfig: Setting CVar [[r.SkyAtmosphere.AerialPerspectiveLUT.DepthResolution:16.0]]
[2020.03.03-20.45.39:198][  0]LogConfig: Setting CVar [[r.SkyAtmosphere.FastSkyLUT:1]]
[2020.03.03-20.45.39:198][  0]LogConfig: Setting CVar [[r.SkyAtmosphere.FastSkyLUT.SampleCountMin:4.0]]
[2020.03.03-20.45.39:198][  0]LogConfig: Setting CVar [[r.SkyAtmosphere.FastSkyLUT.SampleCountMax:32.0]]
[2020.03.03-20.45.39:198][  0]LogConfig: Setting CVar [[r.SkyAtmosphere.SampleCountMin:4.0]]
[2020.03.03-20.45.39:198][  0]LogConfig: Setting CVar [[r.SkyAtmosphere.SampleCountMax:32.0]]
[2020.03.03-20.45.39:198][  0]LogConfig: Setting CVar [[r.SkyAtmosphere.TransmittanceLUT.UseSmallFormat:0]]
[2020.03.03-20.45.39:198][  0]LogConfig: Setting CVar [[r.SkyAtmosphere.TransmittanceLUT.SampleCount:10.0]]
[2020.03.03-20.45.39:198][  0]LogConfig: Setting CVar [[r.SkyAtmosphere.MultiScatteringLUT.SampleCount:15.0]]
[2020.03.03-20.45.39:198][  0]LogConfig: Applying CVar settings from Section [FoliageQuality@3] File [C:/Users/seans/OneDrive/Documents/GitHub/FPS_Alien/Alien_Swarm/Saved/Config/Windows/Scalability.ini]
[2020.03.03-20.45.39:198][  0]LogConfig: Setting CVar [[foliage.DensityScale:1.0]]
[2020.03.03-20.45.39:199][  0]LogConfig: Setting CVar [[grass.DensityScale:1.0]]
[2020.03.03-20.45.39:199][  0]LogConfig: Applying CVar settings from Section [ShadingQuality@3] File [C:/Users/seans/OneDrive/Documents/GitHub/FPS_Alien/Alien_Swarm/Saved/Config/Windows/Scalability.ini]
[2020.03.03-20.45.39:199][  0]LogConfig: Setting CVar [[r.HairStrands.SkyLighting.SampleCount:16]]
[2020.03.03-20.45.39:199][  0]LogConfig: Setting CVar [[r.HairStrands.SkyLighting.JitterIntegration:0]]
[2020.03.03-20.45.39:199][  0]LogConfig: Setting CVar [[r.HairStrands.SkyAO.SampleCount:16]]
[2020.03.03-20.45.39:199][  0]LogInit: Selected Device Profile: [Windows]
[2020.03.03-20.45.39:199][  0]LogInit: Applying CVar settings loaded from the selected device profile: [Windows]
[2020.03.03-20.45.39:202][  0]LogHAL: Display: Platform has ~ 32 GB [34204483584 / 34359738368 / 32], which maps to Largest [LargestMinGB=32, LargerMinGB=12, DefaultMinGB=8, SmallerMinGB=6, SmallestMinGB=0)
[2020.03.03-20.45.39:202][  0]LogInit: Going up to parent DeviceProfile []
[2020.03.03-20.45.39:202][  0]LogConfig: Applying CVar settings from Section [ViewDistanceQuality@3] File [C:/Users/seans/OneDrive/Documents/GitHub/FPS_Alien/Alien_Swarm/Saved/Config/Windows/Scalability.ini]
[2020.03.03-20.45.39:202][  0]LogConfig: Setting CVar [[r.SkeletalMeshLODBias:0]]
[2020.03.03-20.45.39:202][  0]LogConfig: Setting CVar [[r.ViewDistanceScale:1.0]]
[2020.03.03-20.45.39:202][  0]LogConfig: Applying CVar settings from Section [AntiAliasingQuality@3] File [C:/Users/seans/OneDrive/Documents/GitHub/FPS_Alien/Alien_Swarm/Saved/Config/Windows/Scalability.ini]
[2020.03.03-20.45.39:202][  0]LogConfig: Setting CVar [[r.PostProcessAAQuality:4]]
[2020.03.03-20.45.39:202][  0]LogConfig: Applying CVar settings from Section [ShadowQuality@3] File [C:/Users/seans/OneDrive/Documents/GitHub/FPS_Alien/Alien_Swarm/Saved/Config/Windows/Scalability.ini]
[2020.03.03-20.45.39:202][  0]LogConfig: Setting CVar [[r.LightFunctionQuality:1]]
[2020.03.03-20.45.39:202][  0]LogConfig: Setting CVar [[r.ShadowQuality:5]]
[2020.03.03-20.45.39:202][  0]LogConfig: Setting CVar [[r.Shadow.CSM.MaxCascades:10]]
[2020.03.03-20.45.39:202][  0]LogConfig: Setting CVar [[r.Shadow.MaxResolution:2048]]
[2020.03.03-20.45.39:202][  0]LogConfig: Setting CVar [[r.Shadow.MaxCSMResolution:2048]]
[2020.03.03-20.45.39:202][  0]LogConfig: Setting CVar [[r.Shadow.RadiusThreshold:0.01]]
[2020.03.03-20.45.39:202][  0]LogConfig: Setting CVar [[r.Shadow.DistanceScale:1.0]]
[2020.03.03-20.45.39:202][  0]LogConfig: Setting CVar [[r.Shadow.CSM.TransitionScale:1.0]]
[2020.03.03-20.45.39:202][  0]LogConfig: Setting CVar [[r.Shadow.PreShadowResolutionFactor:1.0]]
[2020.03.03-20.45.39:202][  0]LogConfig: Setting CVar [[r.DistanceFieldShadowing:1]]
[2020.03.03-20.45.39:202][  0]LogConfig: Setting CVar [[r.DistanceFieldAO:1]]
[2020.03.03-20.45.39:202][  0]LogConfig: Setting CVar [[r.AOQuality:2]]
[2020.03.03-20.45.39:202][  0]LogConfig: Setting CVar [[r.VolumetricFog:1]]
[2020.03.03-20.45.39:202][  0]LogConfig: Setting CVar [[r.VolumetricFog.GridPixelSize:8]]
[2020.03.03-20.45.39:202][  0]LogConfig: Setting CVar [[r.VolumetricFog.GridSizeZ:128]]
[2020.03.03-20.45.39:202][  0]LogConfig: Setting CVar [[r.VolumetricFog.HistoryMissSupersampleCount:4]]
[2020.03.03-20.45.39:202][  0]LogConfig: Setting CVar [[r.LightMaxDrawDistanceScale:1]]
[2020.03.03-20.45.39:202][  0]LogConfig: Setting CVar [[r.CapsuleShadows:1]]
[2020.03.03-20.45.39:202][  0]LogConfig: Applying CVar settings from Section [PostProcessQuality@3] File [C:/Users/seans/OneDrive/Documents/GitHub/FPS_Alien/Alien_Swarm/Saved/Config/Windows/Scalability.ini]
[2020.03.03-20.45.39:202][  0]LogConfig: Setting CVar [[r.MotionBlurQuality:4]]
[2020.03.03-20.45.39:202][  0]LogConfig: Setting CVar [[r.AmbientOcclusionMipLevelFactor:0.4]]
[2020.03.03-20.45.39:202][  0]LogConfig: Setting CVar [[r.AmbientOcclusionMaxQuality:100]]
[2020.03.03-20.45.39:202][  0]LogConfig: Setting CVar [[r.AmbientOcclusionLevels:-1]]
[2020.03.03-20.45.39:202][  0]LogConfig: Setting CVar [[r.AmbientOcclusionRadiusScale:1.0]]
[2020.03.03-20.45.39:202][  0]LogConfig: Setting CVar [[r.DepthOfFieldQuality:2]]
[2020.03.03-20.45.39:202][  0]LogConfig: Setting CVar [[r.RenderTargetPoolMin:400]]
[2020.03.03-20.45.39:202][  0]LogConfig: Setting CVar [[r.LensFlareQuality:2]]
[2020.03.03-20.45.39:202][  0]LogConfig: Setting CVar [[r.SceneColorFringeQuality:1]]
[2020.03.03-20.45.39:202][  0]LogConfig: Setting CVar [[r.EyeAdaptationQuality:2]]
[2020.03.03-20.45.39:202][  0]LogConfig: Setting CVar [[r.BloomQuality:5]]
[2020.03.03-20.45.39:202][  0]LogConfig: Setting CVar [[r.FastBlurThreshold:100]]
[2020.03.03-20.45.39:202][  0]LogConfig: Setting CVar [[r.Upscale.Quality:3]]
[2020.03.03-20.45.39:202][  0]LogConfig: Setting CVar [[r.Tonemapper.GrainQuantization:1]]
[2020.03.03-20.45.39:202][  0]LogConfig: Setting CVar [[r.LightShaftQuality:1]]
[2020.03.03-20.45.39:202][  0]LogConfig: Setting CVar [[r.Filter.SizeScale:1]]
[2020.03.03-20.45.39:202][  0]LogConfig: Setting CVar [[r.Tonemapper.Quality:5]]
[2020.03.03-20.45.39:202][  0]LogConfig: Setting CVar [[r.DOF.Gather.AccumulatorQuality:1        ; higher gathering accumulator quality]]
[2020.03.03-20.45.39:202][  0]LogConfig: Setting CVar [[r.DOF.Gather.PostfilterMethod:1          ; Median3x3 postfilering method]]
[2020.03.03-20.45.39:202][  0]LogConfig: Setting CVar [[r.DOF.Gather.EnableBokehSettings:0       ; no bokeh simulation when gathering]]
[2020.03.03-20.45.39:202][  0]LogConfig: Setting CVar [[r.DOF.Gather.RingCount:4                 ; medium number of samples when gathering]]
[2020.03.03-20.45.39:202][  0]LogConfig: Setting CVar [[r.DOF.Scatter.ForegroundCompositing:1    ; additive foreground scattering]]
[2020.03.03-20.45.39:202][  0]LogConfig: Setting CVar [[r.DOF.Scatter.BackgroundCompositing:2    ; additive background scattering]]
[2020.03.03-20.45.39:202][  0]LogConfig: Setting CVar [[r.DOF.Scatter.EnableBokehSettings:1      ; bokeh simulation when scattering]]
[2020.03.03-20.45.39:202][  0]LogConfig: Setting CVar [[r.DOF.Scatter.MaxSpriteRatio:0.1         ; only a maximum of 10% of scattered bokeh]]
[2020.03.03-20.45.39:202][  0]LogConfig: Setting CVar [[r.DOF.Recombine.Quality:1                ; cheap slight out of focus]]
[2020.03.03-20.45.39:202][  0]LogConfig: Setting CVar [[r.DOF.Recombine.EnableBokehSettings:0    ; no bokeh simulation on slight out of focus]]
[2020.03.03-20.45.39:202][  0]LogConfig: Setting CVar [[r.DOF.TemporalAAQuality:1                ; more stable temporal accumulation]]
[2020.03.03-20.45.39:202][  0]LogConfig: Setting CVar [[r.DOF.Kernel.MaxForegroundRadius:0.025]]
[2020.03.03-20.45.39:202][  0]LogConfig: Setting CVar [[r.DOF.Kernel.MaxBackgroundRadius:0.025]]
[2020.03.03-20.45.39:202][  0]LogConfig: Applying CVar settings from Section [TextureQuality@3] File [C:/Users/seans/OneDrive/Documents/GitHub/FPS_Alien/Alien_Swarm/Saved/Config/Windows/Scalability.ini]
[2020.03.03-20.45.39:202][  0]LogConfig: Setting CVar [[r.Streaming.MipBias:0]]
[2020.03.03-20.45.39:202][  0]LogConfig: Setting CVar [[r.Streaming.AmortizeCPUToGPUCopy:0]]
[2020.03.03-20.45.39:202][  0]LogConfig: Setting CVar [[r.Streaming.MaxNumTexturesToStreamPerFrame:0]]
[2020.03.03-20.45.39:202][  0]LogConfig: Setting CVar [[r.Streaming.Boost:1]]
[2020.03.03-20.45.39:203][  0]LogConfig: Setting CVar [[r.MaxAnisotropy:8]]
[2020.03.03-20.45.39:203][  0]LogConfig: Setting CVar [[r.VT.MaxAnisotropy:8]]
[2020.03.03-20.45.39:203][  0]LogConfig: Setting CVar [[r.Streaming.LimitPoolSizeToVRAM:0]]
[2020.03.03-20.45.39:203][  0]LogConfig: Setting CVar [[r.Streaming.PoolSize:1000]]
[2020.03.03-20.45.39:203][  0]LogConfig: Setting CVar [[r.Streaming.MaxEffectiveScreenSize:0]]
[2020.03.03-20.45.39:203][  0]LogConfig: Applying CVar settings from Section [EffectsQuality@3] File [C:/Users/seans/OneDrive/Documents/GitHub/FPS_Alien/Alien_Swarm/Saved/Config/Windows/Scalability.ini]
[2020.03.03-20.45.39:203][  0]LogConfig: Setting CVar [[r.TranslucencyLightingVolumeDim:64]]
[2020.03.03-20.45.39:203][  0]LogConfig: Setting CVar [[r.RefractionQuality:2]]
[2020.03.03-20.45.39:203][  0]LogConfig: Setting CVar [[r.SSR.Quality:3]]
[2020.03.03-20.45.39:203][  0]LogConfig: Setting CVar [[r.SSR.HalfResSceneColor:0]]
[2020.03.03-20.45.39:203][  0]LogConfig: Setting CVar [[r.SceneColorFormat:4]]
[2020.03.03-20.45.39:203][  0]LogConfig: Setting CVar [[r.DetailMode:2]]
[2020.03.03-20.45.39:203][  0]LogConfig: Setting CVar [[r.TranslucencyVolumeBlur:1]]
[2020.03.03-20.45.39:203][  0]LogConfig: Setting CVar [[r.MaterialQualityLevel:1 ; High quality]]
[2020.03.03-20.45.39:203][  0]LogConfig: Setting CVar [[r.SSS.Scale:1]]
[2020.03.03-20.45.39:203][  0]LogConfig: Setting CVar [[r.SSS.SampleSet:2]]
[2020.03.03-20.45.39:203][  0]LogConfig: Setting CVar [[r.SSS.Quality:1]]
[2020.03.03-20.45.39:203][  0]LogConfig: Setting CVar [[r.SSS.HalfRes:1]]
[2020.03.03-20.45.39:203][  0]LogConfig: Setting CVar [[r.SSGI.Quality:3]]
[2020.03.03-20.45.39:203][  0]LogConfig: Setting CVar [[r.EmitterSpawnRateScale:1.0]]
[2020.03.03-20.45.39:203][  0]LogConfig: Setting CVar [[r.ParticleLightQuality:2]]
[2020.03.03-20.45.39:203][  0]LogConfig: Setting CVar [[r.SkyAtmosphere.AerialPerspectiveLUT.FastApplyOnOpaque:1 ; Always have FastSkyLUT 1 in this case to avoid wrong sky]]
[2020.03.03-20.45.39:203][  0]LogConfig: Setting CVar [[r.SkyAtmosphere.AerialPerspectiveLUT.SampleCountPerSlice:1]]
[2020.03.03-20.45.39:203][  0]LogConfig: Setting CVar [[r.SkyAtmosphere.AerialPerspectiveLUT.DepthResolution:16.0]]
[2020.03.03-20.45.39:203][  0]LogConfig: Setting CVar [[r.SkyAtmosphere.FastSkyLUT:1]]
[2020.03.03-20.45.39:203][  0]LogConfig: Setting CVar [[r.SkyAtmosphere.FastSkyLUT.SampleCountMin:4.0]]
[2020.03.03-20.45.39:203][  0]LogConfig: Setting CVar [[r.SkyAtmosphere.FastSkyLUT.SampleCountMax:32.0]]
[2020.03.03-20.45.39:203][  0]LogConfig: Setting CVar [[r.SkyAtmosphere.SampleCountMin:4.0]]
[2020.03.03-20.45.39:203][  0]LogConfig: Setting CVar [[r.SkyAtmosphere.SampleCountMax:32.0]]
[2020.03.03-20.45.39:203][  0]LogConfig: Setting CVar [[r.SkyAtmosphere.TransmittanceLUT.UseSmallFormat:0]]
[2020.03.03-20.45.39:203][  0]LogConfig: Setting CVar [[r.SkyAtmosphere.TransmittanceLUT.SampleCount:10.0]]
[2020.03.03-20.45.39:203][  0]LogConfig: Setting CVar [[r.SkyAtmosphere.MultiScatteringLUT.SampleCount:15.0]]
[2020.03.03-20.45.39:203][  0]LogConfig: Applying CVar settings from Section [FoliageQuality@3] File [C:/Users/seans/OneDrive/Documents/GitHub/FPS_Alien/Alien_Swarm/Saved/Config/Windows/Scalability.ini]
[2020.03.03-20.45.39:203][  0]LogConfig: Setting CVar [[foliage.DensityScale:1.0]]
[2020.03.03-20.45.39:203][  0]LogConfig: Setting CVar [[grass.DensityScale:1.0]]
[2020.03.03-20.45.39:203][  0]LogConfig: Applying CVar settings from Section [ShadingQuality@3] File [C:/Users/seans/OneDrive/Documents/GitHub/FPS_Alien/Alien_Swarm/Saved/Config/Windows/Scalability.ini]
[2020.03.03-20.45.39:203][  0]LogConfig: Setting CVar [[r.HairStrands.SkyLighting.SampleCount:16]]
[2020.03.03-20.45.39:203][  0]LogConfig: Setting CVar [[r.HairStrands.SkyLighting.JitterIntegration:0]]
[2020.03.03-20.45.39:203][  0]LogConfig: Setting CVar [[r.HairStrands.SkyAO.SampleCount:16]]
[2020.03.03-20.45.39:203][  0]LogConfig: Applying CVar settings from Section [Startup] File [../../../Engine/Config/ConsoleVariables.ini]
[2020.03.03-20.45.39:203][  0]LogConfig: Setting CVar [[net.UseAdaptiveNetUpdateFrequency:0]]
[2020.03.03-20.45.39:203][  0]LogConfig: Setting CVar [[p.chaos.AllowCreatePhysxBodies:1]]
[2020.03.03-20.45.39:203][  0]LogConfig: Applying CVar settings from Section [ConsoleVariables] File [C:/Users/seans/OneDrive/Documents/GitHub/FPS_Alien/Alien_Swarm/Saved/Config/Windows/Engine.ini]
[2020.03.03-20.45.39:203][  0]LogInit: Computer: LAPTOP-KI2TII7S
[2020.03.03-20.45.39:203][  0]LogInit: User: seans
[2020.03.03-20.45.39:203][  0]LogInit: CPU Page size=4096, Cores=4
[2020.03.03-20.45.39:203][  0]LogInit: High frequency timer resolution =10.000000 MHz
[2020.03.03-20.45.39:204][  0]LogMemory: Memory total: Physical=31.9GB (32GB approx)
[2020.03.03-20.45.39:204][  0]LogMemory: Platform Memory Stats for Windows
[2020.03.03-20.45.39:204][  0]LogMemory: Process Physical Memory: 108.67 MB used, 108.68 MB peak
[2020.03.03-20.45.39:204][  0]LogMemory: Process Virtual Memory: 101.25 MB used, 101.25 MB peak
[2020.03.03-20.45.39:204][  0]LogMemory: Physical Memory: 12807.88 MB used,  19812.06 MB free, 32619.94 MB total
[2020.03.03-20.45.39:204][  0]LogMemory: Virtual Memory: 5200.12 MB used,  134212528.00 MB free, 134217728.00 MB total
[2020.03.03-20.45.39:207][  0]LogWindows: WindowsPlatformFeatures enabled
[2020.03.03-20.45.39:229][  0]LogInit: Using OS detected language (en-US).
[2020.03.03-20.45.39:229][  0]LogInit: Using OS detected locale (en-US).
[2020.03.03-20.45.39:230][  0]LogTextLocalizationManager: No specific localization for 'en-US' exists, so the 'en' localization will be used.
[2020.03.03-20.45.39:413][  0]LogInit: Setting process to per monitor DPI aware
[2020.03.03-20.45.39:455][  0]LogSlate: New Slate User Created.  User Index 0, Is Virtual User: 0
[2020.03.03-20.45.39:455][  0]LogSlate: Slate User Registered.  User Index 0, Is Virtual User: 0
[2020.03.03-20.45.39:623][  0]LogHMD: Failed to initialize OpenVR with code 110
[2020.03.03-20.45.39:623][  0]LogD3D11RHI: D3D11 min allowed feature level: 11_0
[2020.03.03-20.45.39:623][  0]LogD3D11RHI: D3D11 max allowed feature level: 11_0
[2020.03.03-20.45.39:623][  0]LogD3D11RHI: D3D11 adapters:
[2020.03.03-20.45.39:694][  0]LogD3D11RHI:    0. 'NVIDIA GeForce GTX 1050' (Feature Level 11_0)
[2020.03.03-20.45.39:694][  0]LogD3D11RHI:       4021/0/16309 MB DedicatedVideo/DedicatedSystem/SharedSystem, Outputs:1, VendorId:0x10de
[2020.03.03-20.45.39:710][  0]LogD3D11RHI:    1. 'Intel(R) HD Graphics 630' (Feature Level 11_0)
[2020.03.03-20.45.39:710][  0]LogD3D11RHI:       128/0/16309 MB DedicatedVideo/DedicatedSystem/SharedSystem, Outputs:0, VendorId:0x8086
[2020.03.03-20.45.39:712][  0]LogD3D11RHI:    2. 'Microsoft Basic Render Driver' (Feature Level 11_0)
[2020.03.03-20.45.39:712][  0]LogD3D11RHI:       0/0/16309 MB DedicatedVideo/DedicatedSystem/SharedSystem, Outputs:0, VendorId:0x1414
[2020.03.03-20.45.39:712][  0]LogD3D11RHI: Chosen D3D11 Adapter: 0
[2020.03.03-20.45.39:754][  0]LogD3D11RHI: Creating new Direct3DDevice
[2020.03.03-20.45.39:754][  0]LogD3D11RHI:     GPU DeviceId: 0x1c8d (for the marketing name, search the web for "GPU Device Id")
[2020.03.03-20.45.39:754][  0]LogWindows: EnumDisplayDevices:
[2020.03.03-20.45.39:755][  0]LogWindows:    0. 'Intel(R) HD Graphics 630' (P:1 D:1)
[2020.03.03-20.45.39:755][  0]LogWindows:    1. 'Intel(R) HD Graphics 630' (P:0 D:0)
[2020.03.03-20.45.39:755][  0]LogWindows:    2. 'Intel(R) HD Graphics 630' (P:0 D:0)
[2020.03.03-20.45.39:755][  0]LogWindows: DebugString: PrimaryIsNotTheChoosenAdapter PrimaryIsNotTheChoosenAdapter PrimaryIsNotTheChoosenAdapter FoundDriverCount:0 
[2020.03.03-20.45.39:755][  0]LogD3D11RHI:     Adapter Name: NVIDIA GeForce GTX 1050
[2020.03.03-20.45.39:755][  0]LogD3D11RHI:   Driver Version: Unknown (internal:Unknown, unified:Unknown)
[2020.03.03-20.45.39:755][  0]LogD3D11RHI:      Driver Date: Unknown
[2020.03.03-20.45.39:755][  0]LogRHI: Texture pool is 2814 MB (70% of 4021 MB)
[2020.03.03-20.45.39:801][  0]LogD3D11RHI: RHI has support for 64 bit atomics
[2020.03.03-20.45.39:801][  0]LogD3D11RHI: Async texture creation enabled
[2020.03.03-20.45.39:814][  0]LogD3D11RHI: GPU Timing Frequency: 1000.000000 (Debug: 2 1)
[2020.03.03-20.45.40:150][  0]LogTargetPlatformManager: Display: Loaded TargetPlatform 'AllDesktop'
[2020.03.03-20.45.40:185][  0]LogTargetPlatformManager: Display: Loaded TargetPlatform 'Android'
[2020.03.03-20.45.40:185][  0]LogTargetPlatformManager: Display: Loaded TargetPlatform 'Android_ASTC'
[2020.03.03-20.45.40:185][  0]LogTargetPlatformManager: Display: Loaded TargetPlatform 'Android_ATC'
[2020.03.03-20.45.40:185][  0]LogTargetPlatformManager: Display: Loaded TargetPlatform 'Android_DXT'
[2020.03.03-20.45.40:185][  0]LogTargetPlatformManager: Display: Loaded TargetPlatform 'Android_ETC1'
[2020.03.03-20.45.40:185][  0]LogTargetPlatformManager: Display: Loaded TargetPlatform 'Android_ETC1a'
[2020.03.03-20.45.40:185][  0]LogTargetPlatformManager: Display: Loaded TargetPlatform 'Android_ETC2'
[2020.03.03-20.45.40:185][  0]LogTargetPlatformManager: Display: Loaded TargetPlatform 'Android_PVRTC'
[2020.03.03-20.45.40:185][  0]LogTargetPlatformManager: Display: Loaded TargetPlatform 'AndroidClient'
[2020.03.03-20.45.40:185][  0]LogTargetPlatformManager: Display: Loaded TargetPlatform 'Android_ASTCClient'
[2020.03.03-20.45.40:185][  0]LogTargetPlatformManager: Display: Loaded TargetPlatform 'Android_ATCClient'
[2020.03.03-20.45.40:185][  0]LogTargetPlatformManager: Display: Loaded TargetPlatform 'Android_DXTClient'
[2020.03.03-20.45.40:185][  0]LogTargetPlatformManager: Display: Loaded TargetPlatform 'Android_ETC1Client'
[2020.03.03-20.45.40:185][  0]LogTargetPlatformManager: Display: Loaded TargetPlatform 'Android_ETC1aClient'
[2020.03.03-20.45.40:185][  0]LogTargetPlatformManager: Display: Loaded TargetPlatform 'Android_ETC2Client'
[2020.03.03-20.45.40:185][  0]LogTargetPlatformManager: Display: Loaded TargetPlatform 'Android_PVRTCClient'
[2020.03.03-20.45.40:185][  0]LogTargetPlatformManager: Display: Loaded TargetPlatform 'Android_Multi'
[2020.03.03-20.45.40:185][  0]LogTargetPlatformManager: Display: Loaded TargetPlatform 'Android_MultiClient'
[2020.03.03-20.45.40:203][  0]LogTargetPlatformManager: Display: Loaded TargetPlatform 'IOSClient'
[2020.03.03-20.45.40:203][  0]LogTargetPlatformManager: Display: Loaded TargetPlatform 'IOS'
[2020.03.03-20.45.40:210][  0]LogTargetPlatformManager: Display: Loaded TargetPlatform 'LinuxNoEditor'
[2020.03.03-20.45.40:217][  0]LogTargetPlatformManager: Display: Loaded TargetPlatform 'LinuxClient'
[2020.03.03-20.45.40:224][  0]LogTargetPlatformManager: Display: Loaded TargetPlatform 'LinuxServer'
[2020.03.03-20.45.40:230][  0]LogTargetPlatformManager: Display: Loaded TargetPlatform 'LinuxAArch64NoEditor'
[2020.03.03-20.45.40:237][  0]LogTargetPlatformManager: Display: Loaded TargetPlatform 'LinuxAArch64Client'
[2020.03.03-20.45.40:244][  0]LogTargetPlatformManager: Display: Loaded TargetPlatform 'LinuxAArch64Server'
[2020.03.03-20.45.40:268][  0]LogTargetPlatformManager: Display: Loaded TargetPlatform 'Lumin'
[2020.03.03-20.45.40:268][  0]LogTargetPlatformManager: Display: Loaded TargetPlatform 'LuminClient'
[2020.03.03-20.45.40:282][  0]LogTargetPlatformManager: Display: Loaded TargetPlatform 'TVOSClient'
[2020.03.03-20.45.40:282][  0]LogTargetPlatformManager: Display: Loaded TargetPlatform 'TVOS'
[2020.03.03-20.45.40:289][  0]LogTargetPlatformManager: Display: Loaded TargetPlatform 'WindowsNoEditor'
[2020.03.03-20.45.40:296][  0]LogTargetPlatformManager: Display: Loaded TargetPlatform 'Windows'
[2020.03.03-20.45.40:303][  0]LogTargetPlatformManager: Display: Loaded TargetPlatform 'WindowsClient'
[2020.03.03-20.45.40:311][  0]LogTargetPlatformManager: Display: Loaded TargetPlatform 'WindowsServer'
[2020.03.03-20.45.40:311][  0]LogTargetPlatformManager: Display: Building Assets For Windows
[2020.03.03-20.45.40:313][  0]LogAudioDebug: Display: Lib vorbis DLL was dynamically loaded.
[2020.03.03-20.45.40:334][  0]LogShaderCompilers: Guid format shader working directory is -32 characters bigger than the processId version (../../../../../../Users/seans/OneDrive/Documents/GitHub/FPS_Alien/Alien_Swarm/Intermediate/Shaders/WorkingDirectory/31692/).
[2020.03.03-20.45.40:334][  0]LogShaderCompilers: Cleaned the shader compiler working directory 'C:/Users/seans/AppData/Local/Temp/UnrealShaderWorkingDir/1D1DE6954B11FECC7296F5A827571219/'.
[2020.03.03-20.45.40:335][  0]LogXGEController: Cannot use XGE Controller as Incredibuild is not installed on this machine.
[2020.03.03-20.45.40:335][  0]LogShaderCompilers: Cannot use XGE Shader Compiler as Incredibuild is not installed on this machine.
[2020.03.03-20.45.40:335][  0]LogShaderCompilers: Display: Using Local Shader Compiler.
[2020.03.03-20.45.41:070][  0]LogDerivedDataCache: Display: Max Cache Size: 512 MB
[2020.03.03-20.45.41:124][  0]LogDerivedDataCache: Loaded boot cache 0.05s 81MB C:/Users/seans/AppData/Local/UnrealEngine/4.24/DerivedDataCache/Boot.ddc.
[2020.03.03-20.45.41:124][  0]LogDerivedDataCache: Display: Loaded Boot cache: C:/Users/seans/AppData/Local/UnrealEngine/4.24/DerivedDataCache/Boot.ddc
[2020.03.03-20.45.41:124][  0]LogDerivedDataCache: FDerivedDataBackendGraph:  Pak pak cache file ../../../../../../Users/seans/OneDrive/Documents/GitHub/FPS_Alien/Alien_Swarm/DerivedDataCache/DDC.ddp not found, will not use a pak cache.
[2020.03.03-20.45.41:124][  0]LogDerivedDataCache: Unable to find inner node Pak for hierarchical cache Hierarchy.
[2020.03.03-20.45.41:125][  0]LogDerivedDataCache: FDerivedDataBackendGraph:  CompressedPak pak cache file ../../../../../../Users/seans/OneDrive/Documents/GitHub/FPS_Alien/Alien_Swarm/DerivedDataCache/Compressed.ddp not found, will not use a pak cache.
[2020.03.03-20.45.41:125][  0]LogDerivedDataCache: Unable to find inner node CompressedPak for hierarchical cache Hierarchy.
[2020.03.03-20.45.41:135][  0]LogDerivedDataCache: Display: Pak cache opened for reading ../../../Engine/DerivedDataCache/Compressed.ddp.
[2020.03.03-20.45.41:135][  0]LogDerivedDataCache: FDerivedDataBackendGraph:  EnterprisePak pak cache file ../../../Enterprise/DerivedDataCache/Compressed.ddp not found, will not use a pak cache.
[2020.03.03-20.45.41:135][  0]LogDerivedDataCache: Unable to find inner node EnterprisePak for hierarchical cache Hierarchy.
[2020.03.03-20.45.41:136][  0]LogDerivedDataCache: Using Local data cache path C:/Users/seans/AppData/Local/UnrealEngine/Common/DerivedDataCache: Writable
[2020.03.03-20.45.41:136][  0]LogDerivedDataCache: Shared data cache path not found in *engine.ini, will not use an Shared cache.
[2020.03.03-20.45.41:136][  0]LogDerivedDataCache: Unable to find inner node Shared for hierarchical cache Hierarchy.
[2020.03.03-20.45.41:162][  0]LogMaterial: Verifying Global Shaders for PCD3D_SM5
[2020.03.03-20.45.41:165][  0]LogSlate: Using FreeType 2.10.0
[2020.03.03-20.45.41:165][  0]LogSlate: SlateFontServices - WITH_FREETYPE: 1, WITH_HARFBUZZ: 1
[2020.03.03-20.45.41:215][  0]LogAssetRegistry: FAssetRegistry took 0.0031 seconds to start up
[2020.03.03-20.45.41:527][  0]LogInit: Selected Device Profile: [Windows]
[2020.03.03-20.45.41:687][  0]LogMeshReduction: Using QuadricMeshReduction for automatic static mesh reduction
[2020.03.03-20.45.41:687][  0]LogMeshReduction: Using SimplygonMeshReduction for automatic skeletal mesh reduction
[2020.03.03-20.45.41:687][  0]LogMeshReduction: Using ProxyLODMeshReduction for automatic mesh merging
[2020.03.03-20.45.41:687][  0]LogMeshReduction: No distributed automatic mesh merging module available
[2020.03.03-20.45.41:687][  0]LogMeshMerging: No distributed automatic mesh merging module available
[2020.03.03-20.45.41:699][  0]LogNetVersion: Alien_Swarm 1.0.0, NetCL: 10570792, EngineNetVer: 13, GameNetVer: 0 (Checksum: 2577357204)
[2020.03.03-20.45.42:714][  0]LogPackageLocalizationCache: Processed 10 localized package path(s) for 1 prioritized culture(s) in 0.045802 seconds
[2020.03.03-20.45.42:721][  0]LogUObjectArray: 46750 objects as part of root set at end of initial load.
[2020.03.03-20.45.42:721][  0]LogUObjectAllocator: 8137160 out of 0 bytes used by permanent object pool.
[2020.03.03-20.45.42:721][  0]LogUObjectArray: CloseDisregardForGC: 0/0 objects in disregard for GC pool
[2020.03.03-20.45.43:112][  0]LogTcpMessaging: Initializing TcpMessaging bridge
[2020.03.03-20.45.43:114][  0]LogUdpMessaging: Initializing bridge on interface 0.0.0.0:0 to multicast group 230.0.0.1:6666.
[2020.03.03-20.45.43:360][  0]SourceControl: Source control is disabled
[2020.03.03-20.45.43:360][  0]SourceControl: Source control is disabled
[2020.03.03-20.45.43:362][  0]SourceControl: Source control is disabled
[2020.03.03-20.45.43:362][  0]SourceControl: Source control is disabled
[2020.03.03-20.45.43:363][  0]SourceControl: Source control is disabled
[2020.03.03-20.45.43:440][  0]LogAndroidPermission: UAndroidPermissionCallbackProxy::GetInstance
[2020.03.03-20.45.43:450][  0]LogAudioCaptureCore: Display: No Audio Capture implementations found. Audio input will be silent.
[2020.03.03-20.45.43:451][  0]LogAudioCaptureCore: Display: No Audio Capture implementations found. Audio input will be silent.
[2020.03.03-20.45.43:533][  0]LogOcInput: OculusInput pre-init called
[2020.03.03-20.45.43:540][  0]LogWindows: Failed to load 'OVRPlugin.dll' (GetLastError=126)
[2020.03.03-20.45.43:540][  0]LogWindows: File 'OVRPlugin.dll' does not exist
[2020.03.03-20.45.43:606][  0]LogEngine: Initializing Engine...
[2020.03.03-20.45.43:607][  0]LogHMD: Failed to initialize OpenVR with code 110
[2020.03.03-20.45.43:608][  0]LogStats: UGameplayTagsManager::InitializeManager -  0.000 s
[2020.03.03-20.45.43:961][  0]LogInit: Initializing FReadOnlyCVARCache
[2020.03.03-20.45.43:968][  0]LogAIModule: Creating AISystem for world Untitled
[2020.03.03-20.45.43:980][  0]LogAudioMixer: Display: Audio Mixer Platform Settings:
[2020.03.03-20.45.43:980][  0]LogAudioMixer: Display: 	Sample Rate:						  48000
[2020.03.03-20.45.43:980][  0]LogAudioMixer: Display: 	Callback Buffer Frame Size Requested: 1024
[2020.03.03-20.45.43:980][  0]LogAudioMixer: Display: 	Callback Buffer Frame Size To Use:	  1024
[2020.03.03-20.45.43:980][  0]LogAudioMixer: Display: 	Number of buffers to queue:			  2
[2020.03.03-20.45.43:980][  0]LogAudioMixer: Display: 	Max Channels (voices):				  32
[2020.03.03-20.45.43:980][  0]LogAudioMixer: Display: 	Number of Async Source Workers:		  0
[2020.03.03-20.45.43:980][  0]LogAudio: Display: AudioDevice MaxSources: 32
[2020.03.03-20.45.43:981][  0]LogAudio: Display: Using built-in audio occlusion.
[2020.03.03-20.45.43:981][  0]LogAudioMixer: Display: Initializing audio mixer.
[2020.03.03-20.45.44:006][  0]LogAudioMixer: Display: Audio Device Output Speaker Info:
[2020.03.03-20.45.44:006][  0]LogAudioMixer: Display: Name: Speakers / Headphones (Realtek Audio)
[2020.03.03-20.45.44:006][  0]LogAudioMixer: Display: Is Default: Yes
[2020.03.03-20.45.44:006][  0]LogAudioMixer: Display: Sample Rate: 48000
[2020.03.03-20.45.44:006][  0]LogAudioMixer: Display: Channel Count Used: 2
[2020.03.03-20.45.44:006][  0]LogAudioMixer: Display: Device Channel Count: 2
[2020.03.03-20.45.44:006][  0]LogAudioMixer: Display: Channel Order:
[2020.03.03-20.45.44:006][  0]LogAudioMixer: Display: 0: FrontLeft
[2020.03.03-20.45.44:006][  0]LogAudioMixer: Display: 1: FrontRight
[2020.03.03-20.45.44:417][  0]LogAudioMixer: Display: Using Audio Device Speakers / Headphones (Realtek Audio)
[2020.03.03-20.45.44:424][  0]LogInit: FAudioDevice initialized.
[2020.03.03-20.45.44:424][  0]LogNetVersion: Set ProjectVersion to 1.0.0.0. Version Checksum will be recalculated on next use.
[2020.03.03-20.45.44:591][  0]LogDerivedDataCache: Saved boot cache 0.17s 81MB C:/Users/seans/AppData/Local/UnrealEngine/4.24/DerivedDataCache/Boot.ddc.
[2020.03.03-20.45.44:597][  0]LogInit: Texture streaming: Enabled
[2020.03.03-20.45.44:606][  0]LogEngineSessionManager: EngineSessionManager initialized
[2020.03.03-20.45.44:606][  0]LogEditorSessionSummary: Verbose: Initializing EditorSessionSummaryWriter for editor session tracking
[2020.03.03-20.45.44:608][  0]LogEditorSessionSummary: EditorSessionSummaryWriter initialized
[2020.03.03-20.45.44:674][  0]LogInit: Transaction tracking system initialized
[2020.03.03-20.45.44:685][  0]BlueprintLog: New page: Editor Load
[2020.03.03-20.45.44:715][  0]LocalizationService: Localization service is disabled
[2020.03.03-20.45.44:989][  0]LogFileCache: Scanning file cache for directory 'C:/Users/seans/OneDrive/Documents/GitHub/FPS_Alien/Alien_Swarm/Content/' took 0.00s
[2020.03.03-20.45.44:989][  0]LogCook: Display: Max memory allowance for cook 16384mb min free memory 0mb
[2020.03.03-20.45.44:989][  0]LogCook: Display: Mobile HDR setting 1
[2020.03.03-20.45.45:627][  0]SourceControl: Source control is disabled
[2020.03.03-20.45.45:628][  0]Cmd: MAP LOAD FILE="../../../../../../Users/seans/OneDrive/Documents/GitHub/FPS_Alien/Alien_Swarm/Content/FirstPersonCPP/Maps/FirstPersonExampleMap.umap" TEMPLATE=0 SHOWPROGRESS=1 FEATURELEVEL=3
[2020.03.03-20.45.45:628][  0]LightingResults: New page: Lighting Build
[2020.03.03-20.45.45:629][  0]LogWorld: UWorld::CleanupWorld for Untitled, bSessionEnded=true, bCleanupResources=true
[2020.03.03-20.45.45:629][  0]LogSlate: InvalidateAllWidgets triggered.  All widgets were invalidated
[2020.03.03-20.45.45:629][  0]MapCheck: New page: Map Check
[2020.03.03-20.45.45:629][  0]LightingResults: New page: Lighting Build
[2020.03.03-20.45.45:656][  0]LogUObjectHash: Compacting FUObjectHashTables data took   2.34ms
[2020.03.03-20.45.45:695][  0]LogLinker: Warning: While loading '../../../../../../Users/seans/OneDrive/Documents/GitHub/FPS_Alien/Alien_Swarm/Content/FirstPersonCPP/Maps/FirstPersonExampleMap.umap' failed to load '/Game/FirstPersonCPP/Maps/FirstPersonExampleMap_BuiltData': Can't find file.
[2020.03.03-20.45.45:695][  0]LogLinker: Warning: While loading '../../../../../../Users/seans/OneDrive/Documents/GitHub/FPS_Alien/Alien_Swarm/Content/FirstPersonCPP/Maps/FirstPersonExampleMap.umap' failed to load '/Game/FirstPersonCPP/Maps/FirstPersonExampleMap_BuiltData': Can't find file.
[2020.03.03-20.45.45:699][  0]LogLinker: Warning: While loading '../../../../../../Users/seans/OneDrive/Documents/GitHub/FPS_Alien/Alien_Swarm/Content/FirstPersonCPP/Maps/FirstPersonExampleMap.umap' failed to load '/Game/FirstPersonCPP/Maps/FirstPersonExampleMap_BuiltData': Can't find file.
[2020.03.03-20.45.45:699][  0]LogLinker: Warning: While loading '../../../../../../Users/seans/OneDrive/Documents/GitHub/FPS_Alien/Alien_Swarm/Content/FirstPersonCPP/Maps/FirstPersonExampleMap.umap' failed to load '/Game/FirstPersonCPP/Maps/FirstPersonExampleMap_BuiltData': Can't find file.
[2020.03.03-20.45.45:700][  0]LogLinker: Warning: Failed to load '/Game/FirstPersonCPP/Maps/FirstPersonExampleMap_BuiltData': Can't find file.
[2020.03.03-20.45.45:701][  0]LogLinker: Warning: Failed to load '/Game/FirstPersonCPP/Maps/FirstPersonExampleMap_BuiltData': Can't find file.
[2020.03.03-20.45.45:701][  0]LogLinker: Warning: Failed to load '/Game/FirstPersonCPP/Maps/FirstPersonExampleMap_BuiltData': Can't find file.
[2020.03.03-20.45.45:701][  0]LogLinker: Warning: Failed to load '/Game/FirstPersonCPP/Maps/FirstPersonExampleMap_BuiltData': Can't find file.
[2020.03.03-20.45.45:703][  0]LogLinker: Warning: While loading '../../../../../../Users/seans/OneDrive/Documents/GitHub/FPS_Alien/Alien_Swarm/Content/FirstPersonCPP/Maps/FirstPersonExampleMap.umap' failed to load '/Game/FirstPersonCPP/Maps/FirstPersonExampleMap_BuiltData': Can't find file.
[2020.03.03-20.45.45:703][  0]LoadErrors: Failed to load /Game/FirstPersonCPP/Maps/FirstPersonExampleMap_BuiltData.FirstPersonExampleMap_BuiltData Referenced by PersistentLevel
[2020.03.03-20.45.45:704][  0]LogLinker: Warning: While loading '../../../../../../Users/seans/OneDrive/Documents/GitHub/FPS_Alien/Alien_Swarm/Content/FirstPersonCPP/Maps/FirstPersonExampleMap.umap' failed to load '/Game/FirstPersonCPP/Maps/FirstPersonExampleMap_BuiltData': Can't find file.
[2020.03.03-20.45.45:704][  0]LoadErrors: Failed to load /Game/FirstPersonCPP/Maps/FirstPersonExampleMap_BuiltData.FirstPersonExampleMap_BuiltData Referenced by PersistentLevel
[2020.03.03-20.45.45:748][  0]LogAIModule: Creating AISystem for world FirstPersonExampleMap
[2020.03.03-20.45.45:756][  0]LogEditorServer: Finished looking for orphan Actors (0.000 secs)
[2020.03.03-20.45.45:787][  0]LogUObjectHash: Compacting FUObjectHashTables data took   2.15ms
[2020.03.03-20.45.45:787][  0]Cmd: MAP CHECKDEP NOCLEARLOG
[2020.03.03-20.45.45:787][  0]MapCheck: Map check complete: 0 Error(s), 0 Warning(s), took 0.135ms to complete.
[2020.03.03-20.45.45:787][  0]LogFileHelpers: Loading map 'FirstPersonExampleMap' took 0.159
[2020.03.03-20.45.45:941][  0]LogSlate: Updating window title bar state: overlay mode, drag disabled, window buttons hidden, title bar hidden
[2020.03.03-20.45.45:948][  0]LogSlate: Updating window title bar state: overlay mode, drag disabled, window buttons hidden, title bar hidden
[2020.03.03-20.45.45:956][  0]LogSlate: Updating window title bar state: overlay mode, drag disabled, window buttons hidden, title bar hidden
[2020.03.03-20.45.45:963][  0]LogSlate: Updating window title bar state: overlay mode, drag disabled, window buttons hidden, title bar hidden
[2020.03.03-20.45.45:968][  0]LogCollectionManager: Loaded 0 collections in 0.001642 seconds
[2020.03.03-20.45.45:985][  0]LogFileCache: Scanning file cache for directory 'C:/Users/seans/OneDrive/Documents/GitHub/FPS_Alien/Alien_Swarm/Saved/Collections/' took 0.00s
[2020.03.03-20.45.45:985][  0]LogFileCache: Scanning file cache for directory 'C:/Users/seans/OneDrive/Documents/GitHub/FPS_Alien/Alien_Swarm/Content/Developers/seans/Collections/' took 0.00s
[2020.03.03-20.45.45:985][  0]LogFileCache: Scanning file cache for directory 'C:/Users/seans/OneDrive/Documents/GitHub/FPS_Alien/Alien_Swarm/Content/Collections/' took 0.00s
[2020.03.03-20.45.45:985][  0]LogContentBrowser: Native class hierarchy populated in 0.0091 seconds. Added 3019 classes and 719 folders.
[2020.03.03-20.45.45:987][  0]LogContentBrowser: Native class hierarchy updated for 'WidgetCarousel' in 0.0003 seconds. Added 0 classes and 0 folders.
[2020.03.03-20.45.46:047][  0]LogContentBrowser: Native class hierarchy updated for 'AddContentDialog' in 0.0004 seconds. Added 0 classes and 0 folders.
[2020.03.03-20.45.46:051][  0]LogContentBrowser: Native class hierarchy updated for 'SceneOutliner' in 0.0004 seconds. Added 2 classes and 3 folders.
[2020.03.03-20.45.46:101][  0]LogSlate: Took 0.000240 seconds to synchronously load lazily loaded font '../../../Engine/Content/Slate/Fonts/Roboto-Regular.ttf' (155K)
[2020.03.03-20.45.46:103][  0]LogSlate: Took 0.000151 seconds to synchronously load lazily loaded font '../../../Engine/Content/Slate/Fonts/Roboto-Bold.ttf' (160K)
[2020.03.03-20.45.46:112][  0]LogSlate: Took 0.000467 seconds to synchronously load lazily loaded font '../../../Engine/Content/Editor/Slate/Fonts/FontAwesome.ttf' (139K)
[2020.03.03-20.45.46:230][  0]LogRenderer: Reallocating scene render targets to support 832x392 Format 10 NumSamples 1 (Frame:1).
[2020.03.03-20.45.46:477][  0]LogContentBrowser: Native class hierarchy updated for 'HierarchicalLODOutliner' in 0.0005 seconds. Added 0 classes and 0 folders.
[2020.03.03-20.45.46:477][  0]LogLoad: (Engine Initialization) Total time: 84.52 seconds
[2020.03.03-20.45.46:477][  0]LogLoad: (Engine Initialization) Total Blueprint compile time: 0.00 seconds
[2020.03.03-20.45.46:547][  0]LogContentStreaming: Texture pool size now 1000 MB
[2020.03.03-20.45.46:723][  2]LogAssetRegistry: Asset discovery search completed in 5.5090 seconds
[2020.03.03-20.45.46:729][  2]LogCollectionManager: Fixed up redirectors for 0 collections in 0.000011 seconds (updated 0 objects)
[2020.03.03-20.45.53:418][382]LogSlate: Window 'Message Log' being destroyed
[2020.03.03-20.45.53:436][382]LogSlate: Window 'Message Log' being destroyed
[2020.03.03-20.46.01:067][838]LogTemp: Repeating last play command: Selected Viewport
[2020.03.03-20.46.01:078][838]LogBlueprintUserMessages: Early PlayInEditor Detection: Level '/Game/FirstPersonCPP/Maps/FirstPersonExampleMap.FirstPersonExampleMap:PersistentLevel' has LevelScriptBlueprint '/Game/FirstPersonCPP/Maps/FirstPersonExampleMap.FirstPersonExampleMap:PersistentLevel.FirstPersonExampleMap' with GeneratedClass '/Game/FirstPersonCPP/Maps/FirstPersonExampleMap.FirstPersonExampleMap_C' with ClassGeneratedBy '/Game/FirstPersonCPP/Maps/FirstPersonExampleMap.FirstPersonExampleMap:PersistentLevel.FirstPersonExampleMap'
[2020.03.03-20.46.01:078][838]LogPlayLevel: PlayLevel: No blueprints needed recompiling
[2020.03.03-20.46.01:078][838]PIE: New page: PIE session: FirstPersonExampleMap (Mar 3, 2020, 10:46:01 AM)
[2020.03.03-20.46.01:080][838]LogOnline: OSS: Creating online subsystem instance for: NULL
[2020.03.03-20.46.01:080][838]LogOnline: OSS: TryLoadSubsystemAndSetDefault: Loaded subsystem for module [NULL]
[2020.03.03-20.46.01:080][838]LogPlayLevel: Creating play world package: /Game/FirstPersonCPP/Maps/UEDPIE_0_FirstPersonExampleMap
[2020.03.03-20.46.01:100][838]LogPlayLevel: PIE: StaticDuplicateObject took: (0.019652s)
[2020.03.03-20.46.01:101][838]LogAIModule: Creating AISystem for world FirstPersonExampleMap
[2020.03.03-20.46.01:101][838]LogPlayLevel: PIE: World Init took: (0.001307s)
[2020.03.03-20.46.01:101][838]LogPlayLevel: PIE: Created PIE world by copying editor world from /Game/FirstPersonCPP/Maps/FirstPersonExampleMap.FirstPersonExampleMap to /Game/FirstPersonCPP/Maps/UEDPIE_0_FirstPersonExampleMap.FirstPersonExampleMap (0.021250s)
[2020.03.03-20.46.01:131][838]LogUObjectHash: Compacting FUObjectHashTables data took   1.43ms
[2020.03.03-20.46.01:132][838]LogAudioMixer: Display: Audio Mixer Platform Settings:
[2020.03.03-20.46.01:132][838]LogAudioMixer: Display: 	Sample Rate:						  48000
[2020.03.03-20.46.01:132][838]LogAudioMixer: Display: 	Callback Buffer Frame Size Requested: 1024
[2020.03.03-20.46.01:132][838]LogAudioMixer: Display: 	Callback Buffer Frame Size To Use:	  1024
[2020.03.03-20.46.01:132][838]LogAudioMixer: Display: 	Number of buffers to queue:			  2
[2020.03.03-20.46.01:132][838]LogAudioMixer: Display: 	Max Channels (voices):				  32
[2020.03.03-20.46.01:132][838]LogAudioMixer: Display: 	Number of Async Source Workers:		  0
[2020.03.03-20.46.01:132][838]LogAudio: Display: AudioDevice MaxSources: 32
[2020.03.03-20.46.01:132][838]LogAudio: Display: Using built-in audio occlusion.
[2020.03.03-20.46.01:132][838]LogAudioMixer: Display: Initializing audio mixer.
[2020.03.03-20.46.01:147][838]LogAudioMixer: Display: Audio Device Output Speaker Info:
[2020.03.03-20.46.01:147][838]LogAudioMixer: Display: Name: Speakers / Headphones (Realtek Audio)
[2020.03.03-20.46.01:147][838]LogAudioMixer: Display: Is Default: Yes
[2020.03.03-20.46.01:147][838]LogAudioMixer: Display: Sample Rate: 48000
[2020.03.03-20.46.01:147][838]LogAudioMixer: Display: Channel Count Used: 2
[2020.03.03-20.46.01:147][838]LogAudioMixer: Display: Device Channel Count: 2
[2020.03.03-20.46.01:147][838]LogAudioMixer: Display: Channel Order:
[2020.03.03-20.46.01:147][838]LogAudioMixer: Display: 0: FrontLeft
[2020.03.03-20.46.01:147][838]LogAudioMixer: Display: 1: FrontRight
[2020.03.03-20.46.01:165][838]LogAudioMixer: Display: Using Audio Device Speakers / Headphones (Realtek Audio)
[2020.03.03-20.46.01:167][838]LogInit: FAudioDevice initialized.
[2020.03.03-20.46.01:174][838]LogLoad: Game class is 'Alien_SwarmGameMode'
[2020.03.03-20.46.01:177][838]LogWorld: Bringing World /Game/FirstPersonCPP/Maps/UEDPIE_0_FirstPersonExampleMap.FirstPersonExampleMap up for play (max tick rate 60) at 2020.03.03-15.46.01
[2020.03.03-20.46.01:177][838]LogWorld: Bringing up level for play took: 0.001746
[2020.03.03-20.46.01:177][838]LogOnline: OSS: Creating online subsystem instance for: :Context_1
[2020.03.03-20.46.01:180][838]LogContentBrowser: Native class hierarchy updated for 'MovieSceneCapture' in 0.0004 seconds. Added 20 classes and 0 folders.
[2020.03.03-20.46.01:181][838]PIE: Play in editor start time for /Game/FirstPersonCPP/Maps/UEDPIE_0_FirstPersonExampleMap 0.111
[2020.03.03-20.46.01:181][838]LogBlueprintUserMessages: Late PlayInEditor Detection: Level '/Game/FirstPersonCPP/Maps/FirstPersonExampleMap.FirstPersonExampleMap:PersistentLevel' has LevelScriptBlueprint '/Game/FirstPersonCPP/Maps/FirstPersonExampleMap.FirstPersonExampleMap:PersistentLevel.FirstPersonExampleMap' with GeneratedClass '/Game/FirstPersonCPP/Maps/FirstPersonExampleMap.FirstPersonExampleMap_C' with ClassGeneratedBy '/Game/FirstPersonCPP/Maps/FirstPersonExampleMap.FirstPersonExampleMap:PersistentLevel.FirstPersonExampleMap'
[2020.03.03-20.46.17:897][837]LogSpawn: Warning: SpawnActor failed because of collision at the spawn location [X=1505.809 Y=1556.149 Z=392.115] for [FirstPersonProjectile_C]
[2020.03.03-20.46.18:099][849]LogSpawn: Warning: SpawnActor failed because of collision at the spawn location [X=1492.310 Y=1547.217 Z=415.521] for [FirstPersonProjectile_C]
[2020.03.03-20.46.18:334][863]LogSpawn: Warning: SpawnActor failed because of collision at the spawn location [X=1485.025 Y=1514.879 Z=424.281] for [FirstPersonProjectile_C]
[2020.03.03-20.46.18:550][876]LogSpawn: Warning: SpawnActor failed because of collision at the spawn location [X=1368.939 Y=1460.658 Z=409.259] for [FirstPersonProjectile_C]
[2020.03.03-20.46.18:883][896]LogSpawn: Warning: SpawnActor failed because of collision at the spawn location [X=1312.111 Y=1519.359 Z=328.151] for [FirstPersonProjectile_C]
[2020.03.03-20.46.19:101][909]LogSpawn: Warning: SpawnActor failed because of collision at the spawn location [X=1313.579 Y=1521.046 Z=290.472] for [FirstPersonProjectile_C]
[2020.03.03-20.46.19:285][920]LogSpawn: Warning: SpawnActor failed because of collision at the spawn location [X=1314.565 Y=1518.095 Z=281.147] for [FirstPersonProjectile_C]
[2020.03.03-20.46.19:466][931]LogSpawn: Warning: SpawnActor failed because of collision at the spawn location [X=1314.236 Y=1516.896 Z=277.353] for [FirstPersonProjectile_C]
[2020.03.03-20.46.19:649][942]LogSpawn: Warning: SpawnActor failed because of collision at the spawn location [X=1313.067 Y=1515.832 Z=274.658] for [FirstPersonProjectile_C]
[2020.03.03-20.46.19:832][953]LogSpawn: Warning: SpawnActor failed because of collision at the spawn location [X=1311.046 Y=1515.108 Z=273.585] for [FirstPersonProjectile_C]
[2020.03.03-20.46.34:654][842]LogSpawn: Warning: SpawnActor failed because of collision at the spawn location [X=1244.868 Y=1282.953 Z=269.807] for [FirstPersonProjectile_C]
[2020.03.03-20.46.34:883][856]LogSpawn: Warning: SpawnActor failed because of collision at the spawn location [X=1143.880 Y=1329.417 Z=269.804] for [FirstPersonProjectile_C]
[2020.03.03-20.46.35:153][872]LogSpawn: Warning: SpawnActor failed because of collision at the spawn location [X=1120.877 Y=1351.051 Z=275.934] for [FirstPersonProjectile_C]
[2020.03.03-20.46.35:388][886]LogSpawn: Warning: SpawnActor failed because of collision at the spawn location [X=1111.237 Y=1390.881 Z=293.223] for [FirstPersonProjectile_C]
[2020.03.03-20.46.38:150][ 51]LogSpawn: Warning: SpawnActor failed because of collision at the spawn location [X=1266.854 Y=1747.431 Z=250.326] for [FirstPersonProjectile_C]
[2020.03.03-20.46.45:689][503]LogAudioMixer: Display: No commands were queued while flushing the source manager.
[2020.03.03-20.46.45:697][503]LogAudioMixer: Display: Flush succeeded in the source manager command queue (1).
[2020.03.03-20.46.45:717][503]LogAudioMixer: Display: Flush succeeded the source manager command queue (2).
[2020.03.03-20.46.45:717][503]LogBlueprintUserMessages: Early EndPlayMap Detection: Level '/Game/FirstPersonCPP/Maps/FirstPersonExampleMap.FirstPersonExampleMap:PersistentLevel' has LevelScriptBlueprint '/Game/FirstPersonCPP/Maps/FirstPersonExampleMap.FirstPersonExampleMap:PersistentLevel.FirstPersonExampleMap' with GeneratedClass '/Game/FirstPersonCPP/Maps/FirstPersonExampleMap.FirstPersonExampleMap_C' with ClassGeneratedBy '/Game/FirstPersonCPP/Maps/FirstPersonExampleMap.FirstPersonExampleMap:PersistentLevel.FirstPersonExampleMap'
[2020.03.03-20.46.45:717][503]LogSlate: Updating window title bar state: overlay mode, drag disabled, window buttons hidden, title bar hidden
[2020.03.03-20.46.45:717][503]LogWorld: BeginTearingDown for /Game/FirstPersonCPP/Maps/UEDPIE_0_FirstPersonExampleMap
[2020.03.03-20.46.45:717][503]LogAudioMixer: Display: No commands were queued while flushing the source manager.
[2020.03.03-20.46.45:718][503]LogWorld: UWorld::CleanupWorld for FirstPersonExampleMap, bSessionEnded=true, bCleanupResources=true
[2020.03.03-20.46.45:718][503]LogSlate: InvalidateAllWidgets triggered.  All widgets were invalidated
[2020.03.03-20.46.45:730][503]LogPlayLevel: Display: Shutting down PIE online subsystems
[2020.03.03-20.46.45:730][503]LogBlueprintUserMessages: Late EndPlayMap Detection: Level '/Game/FirstPersonCPP/Maps/FirstPersonExampleMap.FirstPersonExampleMap:PersistentLevel' has LevelScriptBlueprint '/Game/FirstPersonCPP/Maps/FirstPersonExampleMap.FirstPersonExampleMap:PersistentLevel.FirstPersonExampleMap' with GeneratedClass '/Game/FirstPersonCPP/Maps/FirstPersonExampleMap.FirstPersonExampleMap_C' with ClassGeneratedBy '/Game/FirstPersonCPP/Maps/FirstPersonExampleMap.FirstPersonExampleMap:PersistentLevel.FirstPersonExampleMap'
[2020.03.03-20.46.45:733][503]LogSlate: InvalidateAllWidgets triggered.  All widgets were invalidated
[2020.03.03-20.46.45:758][503]LogAudioMixer: Display: No commands were queued while flushing the source manager.
[2020.03.03-20.46.45:762][503]LogSlate: Updating window title bar state: overlay mode, drag disabled, window buttons hidden, title bar hidden
[2020.03.03-20.46.45:766][503]LogUObjectHash: Compacting FUObjectHashTables data took   1.58ms
[2020.03.03-20.46.45:790][504]LogPlayLevel: Display: Destroying online subsystem :Context_1
[2020.03.03-20.46.52:032][844]MapCheck: New page: Map Check
[2020.03.03-20.46.52:071][844]Cmd: MAP REBUILD ALLVISIBLE
[2020.03.03-20.46.52:071][844]LogEditorServer: Rebuildmap Clear paths rebuilt
[2020.03.03-20.46.52:086][844]LogWorld: UWorld::CleanupWorld for FirstPersonExampleMap, bSessionEnded=true, bCleanupResources=false
[2020.03.03-20.46.52:137][844]LogUObjectHash: Compacting FUObjectHashTables data took   1.41ms
[2020.03.03-20.46.52:151][844]LogMaterial: Display: Missing cached shader map for material DebugViewMode MaterialTexCoordScale, compiling. 
[2020.03.03-20.46.52:169][844]LogShaderCompilers: Display: Worker (1/5): shaders left to compile 2
[2020.03.03-20.46.52:170][844]LogShaderCompilers: Display: Worker (2/5): shaders left to compile 1
[2020.03.03-20.46.52:170][844]LogMaterial: Display: Missing cached shader map for material DebugViewMode MaterialTexCoordScale, compiling. 
[2020.03.03-20.46.52:184][844]LogMaterial: Display: Missing cached shader map for material DebugViewMode MaterialTexCoordScale, compiling. 
[2020.03.03-20.46.52:197][844]LogMaterial: Display: Missing cached shader map for material DebugViewMode MaterialTexCoordScale, compiling. 
[2020.03.03-20.46.52:214][844]LogShaderCompilers: Display: Worker (3/5): shaders left to compile 6
[2020.03.03-20.46.52:215][844]LogShaderCompilers: Display: Worker (4/5): shaders left to compile 5
[2020.03.03-20.46.52:215][844]LogMaterial: Display: Missing cached shader map for material DebugViewMode MaterialTexCoordScale, compiling. 
[2020.03.03-20.46.52:242][844]LogMaterial: Display: Missing cached shader map for material DebugViewMode MaterialTexCoordScale, compiling. 
[2020.03.03-20.46.52:266][844]LogMaterial: Display: Missing cached shader map for material DebugViewMode MaterialTexCoordScale, compiling. 
[2020.03.03-20.46.53:589][844]LogShaderCompilers: Display: Worker (1/5): shaders left to compile 10
[2020.03.03-20.46.53:589][844]LogShaderCompilers: Display: Worker (3/5): shaders left to compile 9
[2020.03.03-20.46.53:589][844]LogShaderCompilers: Display: Worker (4/5): shaders left to compile 8
[2020.03.03-20.46.53:589][844]LogShaderCompilers: Display: Worker (2/5): shaders left to compile 7
[2020.03.03-20.46.53:589][844]LogShaderCompilers: Display: Worker (4/5): shaders left to compile 6
[2020.03.03-20.46.53:589][844]LogShaderCompilers: Display: Worker (3/5): shaders left to compile 5
[2020.03.03-20.46.53:589][844]LogShaderCompilers: Display: Worker (1/5): shaders left to compile 4
[2020.03.03-20.46.53:589][844]LogShaderCompilers: Display: Worker (2/5): shaders left to compile 3
[2020.03.03-20.46.53:589][844]LogShaderCompilers: Display: Worker (3/5): shaders left to compile 2
[2020.03.03-20.46.53:589][844]LogShaderCompilers: Display: Worker (4/5): shaders left to compile 1
[2020.03.03-20.46.53:589][844]TextureStreamingBuild: Display: Compiling optional shaders took 1.451 seconds.
[2020.03.03-20.46.53:626][844]LogLevel: Display: Export Material TexCoord Scales took 0.037 seconds.
[2020.03.03-20.46.53:628][844]TextureStreamingBuild: Display: Build Texture Streaming took 0.003 seconds.
[2020.03.03-20.46.53:653][844]LogUObjectHash: Compacting FUObjectHashTables data took   0.71ms
[2020.03.03-20.46.53:660][844]LightingResults: New page: Lighting Build - Mar 3, 2020, 10:46:53 AM
[2020.03.03-20.46.53:760][844]LogSwarmInterface: [OpenConnection] Registering TCP channel ...
[2020.03.03-20.46.54:054][844]LogSwarmInterface: [OpenConnection] Connecting to agent ...
[2020.03.03-20.46.54:068][844]LogSwarmInterface: [TryOpenConnection] Testing the Agent
[2020.03.03-20.46.55:082][844]LogSwarmInterface: [TryOpenConnection] Opening Connection to Agent
[2020.03.03-20.46.55:082][844]LogSwarmInterface: [TryOpenConnection] Local Process ID is 31692
[2020.03.03-20.46.56:584][844]LogStaticLightingSystem: Warning: Failed to build lighting!!! Lighting build canceled.
[2020.03.03-20.46.57:585][844]LogEditorBuildUtils: Build time 0:05
[2020.03.03-20.47.11:048][538]MapCheck: New page: Map Check
[2020.03.03-20.47.11:090][538]Cmd: MAP REBUILD ALLVISIBLE
[2020.03.03-20.47.11:090][538]LogEditorServer: Rebuildmap Clear paths rebuilt
[2020.03.03-20.47.11:097][538]LogWorld: UWorld::CleanupWorld for FirstPersonExampleMap, bSessionEnded=true, bCleanupResources=false
[2020.03.03-20.47.11:111][538]Cmd: MAP CHECK DONTDISPLAYDIALOG
[2020.03.03-20.47.11:111][538]MapCheck: New page: FirstPersonExampleMap - Mar 3, 2020, 10:47:11 AM
[2020.03.03-20.47.11:112][538]MapCheck: Error: WorldInfo_0 Maps need lighting rebuilt 
[2020.03.03-20.47.11:112][538]MapCheck: Map check complete: 1 Error(s), 0 Warning(s), took 0.866ms to complete.
[2020.03.03-20.47.11:115][538]LogEditorBuildUtils: Build time 0:00
[2020.03.03-20.47.21:100][  1]MapCheck: New page: Map Check
[2020.03.03-20.47.21:128][  1]LightingResults: New page: Lighting Build - Mar 3, 2020, 10:47:21 AM
[2020.03.03-20.47.21:143][  1]LogSwarmInterface: [OpenConnection] Registering TCP channel ...
[2020.03.03-20.47.21:150][  1]LogSwarmInterface: [OpenConnection] Connecting to agent ...
[2020.03.03-20.47.21:150][  1]LogSwarmInterface: [TryOpenConnection] Testing the Agent
[2020.03.03-20.47.21:151][  1]LogSwarmInterface: [TryOpenConnection] Opening Connection to Agent
[2020.03.03-20.47.21:151][  1]LogSwarmInterface: [TryOpenConnection] Local Process ID is 31692
[2020.03.03-20.47.23:191][  1]LogStaticLightingSystem: Running Lightmass w/ ImmediateImport mode ENABLED
[2020.03.03-20.47.23:191][  1]LogStaticLightingSystem: Running Lightmass w/ ImmediateProcess mode ENABLED
[2020.03.03-20.47.23:191][  1]LogStaticLightingSystem: Running Lightmass w/ Sorting mode ENABLED
[2020.03.03-20.47.23:191][  1]LogStaticLightingSystem: Running Lightmass w/ Mapping paddings ENABLED
[2020.03.03-20.47.23:191][  1]LogStaticLightingSystem: Running Lightmass w/ Mapping debug paddings DISABLED
[2020.03.03-20.47.23:461][  1]LogEditorBuildUtils: Build time 0:02
[2020.03.03-20.47.23:481][  1]LogMaterial: Display: Missing cached shader map for material FLightmassMaterialRenderer MaterialInstanceDynamic_0, compiling. 
[2020.03.03-20.47.23:508][  1]LogShaderCompilers: Display: Worker (1/5): shaders left to compile 2
[2020.03.03-20.47.23:508][  1]LogShaderCompilers: Display: Worker (2/5): shaders left to compile 1
[2020.03.03-20.47.23:508][  1]LogMaterial: Display: Missing cached shader map for material FLightmassMaterialRenderer MaterialInstanceDynamic_0, compiling. 
[2020.03.03-20.47.23:546][  2]LogShaderCompilers: Display: Worker (3/5): shaders left to compile 2
[2020.03.03-20.47.23:546][  2]LogShaderCompilers: Display: Worker (4/5): shaders left to compile 1
[2020.03.03-20.47.23:570][  2]LogMaterial: Display: Missing cached shader map for material FLightmassMaterialRenderer CubeMaterial, compiling. 
[2020.03.03-20.47.23:618][  2]LogMaterial: Display: Missing cached shader map for material FLightmassMaterialRenderer CubeMaterial, compiling. 
[2020.03.03-20.47.25:272][  3]LogShaderCompilers: Display: Worker (2/5): shaders left to compile 4
[2020.03.03-20.47.25:273][  3]LogShaderCompilers: Display: Worker (4/5): shaders left to compile 2
[2020.03.03-20.47.25:273][  3]LogShaderCompilers: Display: Worker (1/5): shaders left to compile 1
[2020.03.03-20.47.25:537][  9]LogUObjectHash: Compacting FUObjectHashTables data took   2.18ms
[2020.03.03-20.48.24:879][598]Job is a success!
[2020.03.03-20.48.24:936][599]LogSlate: Took 0.000190 seconds to synchronously load lazily loaded font '../../../Engine/Content/Slate/Fonts/Roboto-Light.ttf' (167K)
[2020.03.03-20.48.25:065][599]LogVolumetricLightmapImport: Imported Volumetric Lightmap in 0.016s
[2020.03.03-20.48.25:065][599]LogVolumetricLightmapImport:      Indirection Texture 16x16x16 = 0.0Mb
[2020.03.03-20.48.25:065][599]LogVolumetricLightmapImport:      BrickData (all levels) 0.3Mb
[2020.03.03-20.48.25:065][599]LogVolumetricLightmapImport:      Bricks at depth
[2020.03.03-20.48.25:065][599]LogVolumetricLightmapImport:          0: 1.5% covering 100.0% of volume
[2020.03.03-20.48.25:065][599]LogVolumetricLightmapImport:          1: 5.9% covering 6.3% of volume
[2020.03.03-20.48.25:065][599]LogVolumetricLightmapImport:          2: 92.6% covering 1.5% of volume
[2020.03.03-20.48.25:065][599]LogVolumetricLightmapImport:      Bricks in each level
[2020.03.03-20.48.25:065][599]LogVolumetricLightmapImport:          FirstPersonExampleMap 			 68 bricks 	 100.0% (Persistent Level)
[2020.03.03-20.48.30:958][599]LogTexture: Display: Building textures: SkyOcclusion0_1 (AutoDXT, 2048X1024)
[2020.03.03-20.48.30:958][599]LogTexture: Display: Building textures: HQ_Lightmap0_1 (AutoDXT, 2048X2048)
[2020.03.03-20.48.30:958][599]LogTexture: Display: Building textures: LQ_Lightmap_0_1 (DXT1, 2048X2048)
[2020.03.03-20.48.30:958][599]LogTexture: Display: Building textures: SkyOcclusion0_2 (AutoDXT, 2048X1024)
[2020.03.03-20.48.30:958][599]LogTexture: Display: Building textures: HQ_Lightmap0_2 (AutoDXT, 2048X2048)
[2020.03.03-20.48.30:958][599]LogTexture: Display: Building textures: LQ_Lightmap_0_2 (DXT1, 2048X2048)
[2020.03.03-20.48.30:958][599]LogTexture: Display: Building textures: SkyOcclusion0_3 (AutoDXT, 2048X1024)
[2020.03.03-20.48.30:959][599]LogTexture: Display: Building textures: HQ_Lightmap0_3 (AutoDXT, 2048X2048)
[2020.03.03-20.48.30:959][599]LogTexture: Display: Building textures: LQ_Lightmap_0_3 (DXT1, 2048X2048)
[2020.03.03-20.48.30:959][599]LogTexture: Display: Building textures: SkyOcclusion0_4 (AutoDXT, 2048X1024)
[2020.03.03-20.48.30:959][599]LogTexture: Display: Building textures: HQ_Lightmap0_4 (AutoDXT, 2048X2048)
[2020.03.03-20.48.30:959][599]LogTexture: Display: Building textures: LQ_Lightmap_0_4 (DXT1, 2048X2048)
[2020.03.03-20.48.30:959][599]LogTexture: Display: Building textures: SkyOcclusion0_5 (AutoDXT, 64X32)
[2020.03.03-20.48.30:959][599]LogTexture: Display: Building textures: HQ_Lightmap0_5 (AutoDXT, 64X64)
[2020.03.03-20.48.30:959][599]LogTexture: Display: Building textures: LQ_Lightmap_0_5 (DXT1, 64X64)
[2020.03.03-20.48.32:121][599]LogTexture: Display: Building textures: ShadowMapTexture2D_4 (G8, 1024X1024)
[2020.03.03-20.48.32:121][599]LogTexture: Display: Building textures: ShadowMapTexture2D_0 (G8, 1024X1024)
[2020.03.03-20.48.32:132][599]LogTexture: Display: Building textures: ShadowMapTexture2D_5 (G8, 1024X1024)
[2020.03.03-20.48.32:132][599]LogTexture: Display: Building textures: ShadowMapTexture2D_7 (G8, 32X32)
[2020.03.03-20.48.32:132][599]LogTexture: Display: Building textures: ShadowMapTexture2D_2 (G8, 1024X1024)
[2020.03.03-20.48.32:132][599]LogTexture: Display: Building textures: ShadowMapTexture2D_3 (G8, 1024X1024)
[2020.03.03-20.48.32:147][599]LogTexture: Display: Building textures: ShadowMapTexture2D_1 (G8, 1024X1024)
[2020.03.03-20.48.32:767][599]LogAudioMixer: Warning: Changing default audio render device to new device: {0.0.0.00000000}.{919b473a-40f4-4646-8a87-a99a9216d582}.
[2020.03.03-20.48.33:113][599]LogTexture: Display: Building textures: ShadowMapTexture2D_6 (G8, 1024X1024)
[2020.03.03-20.48.33:114][599]LogStaticLightingSystem: FirstPersonExampleMap_BuiltData storing lightmap data for 8 meshes in 8 LightmapResourceClusters (1.0 Meshes per cluster).
[2020.03.03-20.48.33:127][599]Lightmass on LAPTOP-KI2TII7S: 1:05 min total, 335 ms importing, 85 ms setup, 14.2 sec photons, 50.7 sec processing, 0 ms extra exporting [8/8 mappings]. Threads: 5:55 min total, 2:32 min processing.
[2020.03.03-20.48.33:213][599]LogUObjectHash: Compacting FUObjectHashTables data took   1.94ms
[2020.03.03-20.48.33:350][599]LogStaticLightingSystem: Illumination: 1:12 min (5.59 sec encoding lightmaps, 2.05 sec encoding shadowmaps)
[2020.03.03-20.48.33:351][599]LogStaticLightingSystem: Lightmap texture memory:  42.7 MB (42.7 MB streaming, 0.0 MB non-streaming), 10 textures
[2020.03.03-20.48.33:351][599]LogStaticLightingSystem: Shadowmap texture memory: 9.3 MB (9.3 MB streaming, 0.0 MB non-streaming), 8 textures
[2020.03.03-20.48.34:336][599]DumpUnbuiltLightIteractions
[2020.03.03-20.48.34:336][599]Lights with unbuilt interactions: 0
[2020.03.03-20.48.34:336][599]
[2020.03.03-20.48.34:336][599]Primitives with unbuilt interactions: 0
[2020.03.03-20.48.34:643][600]Cmd: MAP CHECK NOTIFYRESULTS
[2020.03.03-20.48.34:644][600]MapCheck: New page: FirstPersonExampleMap - Mar 3, 2020, 10:48:34 AM
[2020.03.03-20.48.34:645][600]MapCheck: Map check complete: 0 Error(s), 0 Warning(s), took 1.064ms to complete.
[2020.03.03-20.48.34:747][600]LogTemp: Resetting audio stream to device id 
[2020.03.03-20.48.34:796][600]LogAudioMixer: Display: Audio Device Output Speaker Info:
[2020.03.03-20.48.34:796][600]LogAudioMixer: Display: Name: Headphones (ED117)
[2020.03.03-20.48.34:796][600]LogAudioMixer: Display: Is Default: Yes
[2020.03.03-20.48.34:796][600]LogAudioMixer: Display: Sample Rate: 48000
[2020.03.03-20.48.34:796][600]LogAudioMixer: Display: Channel Count Used: 2
[2020.03.03-20.48.34:796][600]LogAudioMixer: Display: Device Channel Count: 2
[2020.03.03-20.48.34:796][600]LogAudioMixer: Display: Channel Order:
[2020.03.03-20.48.34:796][600]LogAudioMixer: Display: 0: FrontLeft
[2020.03.03-20.48.34:796][600]LogAudioMixer: Display: 1: FrontRight
[2020.03.03-20.48.35:679][644]LogEditorViewport: Clicking on Actor (LMB): StaticMeshActor (Wall4)
[2020.03.03-20.48.38:319][782]LogTemp: Repeating last play command: Selected Viewport
[2020.03.03-20.48.38:336][782]LogBlueprintUserMessages: Early PlayInEditor Detection: Level '/Game/FirstPersonCPP/Maps/FirstPersonExampleMap.FirstPersonExampleMap:PersistentLevel' has LevelScriptBlueprint '/Game/FirstPersonCPP/Maps/FirstPersonExampleMap.FirstPersonExampleMap:PersistentLevel.FirstPersonExampleMap' with GeneratedClass '/Game/FirstPersonCPP/Maps/FirstPersonExampleMap.FirstPersonExampleMap_C' with ClassGeneratedBy '/Game/FirstPersonCPP/Maps/FirstPersonExampleMap.FirstPersonExampleMap:PersistentLevel.FirstPersonExampleMap'
[2020.03.03-20.48.38:336][782]LogPlayLevel: PlayLevel: No blueprints needed recompiling
[2020.03.03-20.48.38:336][782]PIE: New page: PIE session: FirstPersonExampleMap (Mar 3, 2020, 10:48:38 AM)
[2020.03.03-20.48.38:336][782]LogPlayLevel: Creating play world package: /Game/FirstPersonCPP/Maps/UEDPIE_0_FirstPersonExampleMap
[2020.03.03-20.48.38:353][782]LogPlayLevel: PIE: StaticDuplicateObject took: (0.016698s)
[2020.03.03-20.48.38:354][782]LogAIModule: Creating AISystem for world FirstPersonExampleMap
[2020.03.03-20.48.38:355][782]LogPlayLevel: PIE: World Init took: (0.001476s)
[2020.03.03-20.48.38:355][782]LogPlayLevel: PIE: Created PIE world by copying editor world from /Game/FirstPersonCPP/Maps/FirstPersonExampleMap.FirstPersonExampleMap to /Game/FirstPersonCPP/Maps/UEDPIE_0_FirstPersonExampleMap.FirstPersonExampleMap (0.018367s)
[2020.03.03-20.48.38:386][782]LogUObjectHash: Compacting FUObjectHashTables data took   2.54ms
[2020.03.03-20.48.38:394][782]LogAudioMixer: Display: Audio Mixer Platform Settings:
[2020.03.03-20.48.38:394][782]LogAudioMixer: Display: 	Sample Rate:						  48000
[2020.03.03-20.48.38:394][782]LogAudioMixer: Display: 	Callback Buffer Frame Size Requested: 1024
[2020.03.03-20.48.38:394][782]LogAudioMixer: Display: 	Callback Buffer Frame Size To Use:	  1024
[2020.03.03-20.48.38:394][782]LogAudioMixer: Display: 	Number of buffers to queue:			  2
[2020.03.03-20.48.38:394][782]LogAudioMixer: Display: 	Max Channels (voices):				  32
[2020.03.03-20.48.38:394][782]LogAudioMixer: Display: 	Number of Async Source Workers:		  0
[2020.03.03-20.48.38:394][782]LogAudio: Display: AudioDevice MaxSources: 32
[2020.03.03-20.48.38:394][782]LogAudio: Display: Using built-in audio occlusion.
[2020.03.03-20.48.38:394][782]LogAudioMixer: Display: Initializing audio mixer.
[2020.03.03-20.48.38:423][782]LogAudioMixer: Display: Audio Device Output Speaker Info:
[2020.03.03-20.48.38:423][782]LogAudioMixer: Display: Name: Headphones (ED117)
[2020.03.03-20.48.38:423][782]LogAudioMixer: Display: Is Default: Yes
[2020.03.03-20.48.38:423][782]LogAudioMixer: Display: Sample Rate: 48000
[2020.03.03-20.48.38:423][782]LogAudioMixer: Display: Channel Count Used: 2
[2020.03.03-20.48.38:423][782]LogAudioMixer: Display: Device Channel Count: 2
[2020.03.03-20.48.38:423][782]LogAudioMixer: Display: Channel Order:
[2020.03.03-20.48.38:423][782]LogAudioMixer: Display: 0: FrontLeft
[2020.03.03-20.48.38:423][782]LogAudioMixer: Display: 1: FrontRight
[2020.03.03-20.48.38:438][782]LogAudioMixer: Display: Using Audio Device Headphones (ED117)
[2020.03.03-20.48.38:439][782]LogInit: FAudioDevice initialized.
[2020.03.03-20.48.38:448][782]LogLoad: Game class is 'Alien_SwarmGameMode'
[2020.03.03-20.48.38:450][782]LogWorld: Bringing World /Game/FirstPersonCPP/Maps/UEDPIE_0_FirstPersonExampleMap.FirstPersonExampleMap up for play (max tick rate 60) at 2020.03.03-15.48.38
[2020.03.03-20.48.38:451][782]LogWorld: Bringing up level for play took: 0.001968
[2020.03.03-20.48.38:451][782]LogOnline: OSS: Creating online subsystem instance for: :Context_4
[2020.03.03-20.48.38:453][782]PIE: Play in editor start time for /Game/FirstPersonCPP/Maps/UEDPIE_0_FirstPersonExampleMap -0.617
[2020.03.03-20.48.38:453][782]LogBlueprintUserMessages: Late PlayInEditor Detection: Level '/Game/FirstPersonCPP/Maps/FirstPersonExampleMap.FirstPersonExampleMap:PersistentLevel' has LevelScriptBlueprint '/Game/FirstPersonCPP/Maps/FirstPersonExampleMap.FirstPersonExampleMap:PersistentLevel.FirstPersonExampleMap' with GeneratedClass '/Game/FirstPersonCPP/Maps/FirstPersonExampleMap.FirstPersonExampleMap_C' with ClassGeneratedBy '/Game/FirstPersonCPP/Maps/FirstPersonExampleMap.FirstPersonExampleMap:PersistentLevel.FirstPersonExampleMap'
[2020.03.03-20.48.44:799][149]LogSpawn: Warning: SpawnActor failed because of collision at the spawn location [X=1254.642 Y=1368.892 Z=326.975] for [FirstPersonProjectile_C]
[2020.03.03-20.48.45:003][161]LogSpawn: Warning: SpawnActor failed because of collision at the spawn location [X=1250.008 Y=1372.692 Z=303.183] for [FirstPersonProjectile_C]
[2020.03.03-20.48.45:219][174]LogSpawn: Warning: SpawnActor failed because of collision at the spawn location [X=1223.535 Y=1375.112 Z=271.203] for [FirstPersonProjectile_C]
[2020.03.03-20.48.45:401][185]LogSpawn: Warning: SpawnActor failed because of collision at the spawn location [X=1188.694 Y=1381.076 Z=270.138] for [FirstPersonProjectile_C]
[2020.03.03-20.48.45:733][205]LogSpawn: Warning: SpawnActor failed because of collision at the spawn location [X=1170.126 Y=1390.095 Z=284.152] for [FirstPersonProjectile_C]
[2020.03.03-20.48.45:900][215]LogSpawn: Warning: SpawnActor failed because of collision at the spawn location [X=1172.013 Y=1390.462 Z=292.051] for [FirstPersonProjectile_C]
[2020.03.03-20.48.46:100][227]LogSpawn: Warning: SpawnActor failed because of collision at the spawn location [X=1180.497 Y=1389.026 Z=291.820] for [FirstPersonProjectile_C]
[2020.03.03-20.48.46:335][241]LogSpawn: Warning: SpawnActor failed because of collision at the spawn location [X=1183.167 Y=1389.741 Z=297.188] for [FirstPersonProjectile_C]
[2020.03.03-20.48.46:483][250]LogSpawn: Warning: SpawnActor failed because of collision at the spawn location [X=1182.732 Y=1385.749 Z=287.382] for [FirstPersonProjectile_C]
[2020.03.03-20.48.46:617][258]LogSpawn: Warning: SpawnActor failed because of collision at the spawn location [X=1180.258 Y=1385.904 Z=287.813] for [FirstPersonProjectile_C]
[2020.03.03-20.48.46:800][269]LogSpawn: Warning: SpawnActor failed because of collision at the spawn location [X=1174.297 Y=1391.865 Z=299.078] for [FirstPersonProjectile_C]
[2020.03.03-20.48.46:967][279]LogSpawn: Warning: SpawnActor failed because of collision at the spawn location [X=1167.938 Y=1391.874 Z=294.445] for [FirstPersonProjectile_C]
[2020.03.03-20.48.49:885][454]LogSpawn: Warning: SpawnActor failed because of collision at the spawn location [X=1220.141 Y=1568.660 Z=265.654] for [FirstPersonProjectile_C]
[2020.03.03-20.48.50:632][499]LogSpawn: Warning: SpawnActor failed because of collision at the spawn location [X=1289.441 Y=1804.618 Z=266.853] for [FirstPersonProjectile_C]
[2020.03.03-20.48.51:333][541]LogAudioMixer: Display: No commands were queued while flushing the source manager.
[2020.03.03-20.48.51:345][541]LogAudioMixer: Display: Flush succeeded in the source manager command queue (1).
[2020.03.03-20.48.51:364][541]LogAudioMixer: Display: Flush succeeded the source manager command queue (2).
[2020.03.03-20.48.51:364][541]LogBlueprintUserMessages: Early EndPlayMap Detection: Level '/Game/FirstPersonCPP/Maps/FirstPersonExampleMap.FirstPersonExampleMap:PersistentLevel' has LevelScriptBlueprint '/Game/FirstPersonCPP/Maps/FirstPersonExampleMap.FirstPersonExampleMap:PersistentLevel.FirstPersonExampleMap' with GeneratedClass '/Game/FirstPersonCPP/Maps/FirstPersonExampleMap.FirstPersonExampleMap_C' with ClassGeneratedBy '/Game/FirstPersonCPP/Maps/FirstPersonExampleMap.FirstPersonExampleMap:PersistentLevel.FirstPersonExampleMap'
[2020.03.03-20.48.51:364][541]LogSlate: Updating window title bar state: overlay mode, drag disabled, window buttons hidden, title bar hidden
[2020.03.03-20.48.51:365][541]LogWorld: BeginTearingDown for /Game/FirstPersonCPP/Maps/UEDPIE_0_FirstPersonExampleMap
[2020.03.03-20.48.51:365][541]LogAudioMixer: Display: No commands were queued while flushing the source manager.
[2020.03.03-20.48.51:365][541]LogWorld: UWorld::CleanupWorld for FirstPersonExampleMap, bSessionEnded=true, bCleanupResources=true
[2020.03.03-20.48.51:365][541]LogSlate: InvalidateAllWidgets triggered.  All widgets were invalidated
[2020.03.03-20.48.51:372][541]LogPlayLevel: Display: Shutting down PIE online subsystems
[2020.03.03-20.48.51:372][541]LogBlueprintUserMessages: Late EndPlayMap Detection: Level '/Game/FirstPersonCPP/Maps/FirstPersonExampleMap.FirstPersonExampleMap:PersistentLevel' has LevelScriptBlueprint '/Game/FirstPersonCPP/Maps/FirstPersonExampleMap.FirstPersonExampleMap:PersistentLevel.FirstPersonExampleMap' with GeneratedClass '/Game/FirstPersonCPP/Maps/FirstPersonExampleMap.FirstPersonExampleMap_C' with ClassGeneratedBy '/Game/FirstPersonCPP/Maps/FirstPersonExampleMap.FirstPersonExampleMap:PersistentLevel.FirstPersonExampleMap'
[2020.03.03-20.48.51:376][541]LogSlate: InvalidateAllWidgets triggered.  All widgets were invalidated
[2020.03.03-20.48.51:401][541]LogAudioMixer: Display: No commands were queued while flushing the source manager.
[2020.03.03-20.48.51:404][541]LogSlate: Updating window title bar state: overlay mode, drag disabled, window buttons hidden, title bar hidden
[2020.03.03-20.48.51:407][541]LogUObjectHash: Compacting FUObjectHashTables data took   1.52ms
[2020.03.03-20.48.51:461][543]LogPlayLevel: Display: Destroying online subsystem :Context_4
[2020.03.03-20.52.22:862][756]LogDirectoryWatcher: A directory notification failed for 'C:/Users/seans/OneDrive/Documents/GitHub/FPS_Alien/Alien_Swarm/Content/Collections/' because it could not be accessed. Aborting watch request...
[2020.03.03-20.52.22:862][756]LogDirectoryWatcher: A directory notification failed for 'C:/Users/seans/OneDrive/Documents/GitHub/FPS_Alien/Alien_Swarm/Content/Developers/seans/Collections/' because it could not be accessed. Aborting watch request...
[2020.03.03-20.52.22:862][756]LogDirectoryWatcher: A directory notification failed for 'C:/Users/seans/OneDrive/Documents/GitHub/FPS_Alien/Alien_Swarm/Saved/Collections/' because it could not be accessed. Aborting watch request...
